{"/Users/bonifaseorwa/Documents/WeConnectV3/weconnect_v3/src/actions.js": {"path":"/Users/bonifaseorwa/Documents/WeConnectV3/weconnect_v3/src/actions.js","statementMap":{"0":{"start":{"line":3,"column":0},"end":{"line":5,"column":3}},"1":{"start":{"line":6,"column":0},"end":{"line":6,"column":216}},"2":{"start":{"line":8,"column":17},"end":{"line":8,"column":64}},"3":{"start":{"line":10,"column":18},"end":{"line":10,"column":52}},"4":{"start":{"line":12,"column":0},"end":{"line":12,"column":36}},"5":{"start":{"line":13,"column":0},"end":{"line":13,"column":38}},"6":{"start":{"line":14,"column":0},"end":{"line":14,"column":32}},"7":{"start":{"line":15,"column":0},"end":{"line":15,"column":42}},"8":{"start":{"line":16,"column":0},"end":{"line":16,"column":42}},"9":{"start":{"line":17,"column":0},"end":{"line":17,"column":48}},"10":{"start":{"line":18,"column":0},"end":{"line":18,"column":42}},"11":{"start":{"line":19,"column":0},"end":{"line":19,"column":34}},"12":{"start":{"line":20,"column":0},"end":{"line":20,"column":32}},"13":{"start":{"line":21,"column":0},"end":{"line":21,"column":36}},"14":{"start":{"line":22,"column":0},"end":{"line":22,"column":40}},"15":{"start":{"line":23,"column":0},"end":{"line":23,"column":40}},"16":{"start":{"line":24,"column":0},"end":{"line":24,"column":42}},"17":{"start":{"line":25,"column":0},"end":{"line":25,"column":38}},"18":{"start":{"line":26,"column":0},"end":{"line":26,"column":30}},"19":{"start":{"line":27,"column":0},"end":{"line":27,"column":36}},"20":{"start":{"line":28,"column":0},"end":{"line":28,"column":54}},"21":{"start":{"line":30,"column":13},"end":{"line":30,"column":29}},"22":{"start":{"line":32,"column":14},"end":{"line":32,"column":44}},"23":{"start":{"line":34,"column":39},"end":{"line":34,"column":93}},"24":{"start":{"line":36,"column":21},"end":{"line":36,"column":62}},"25":{"start":{"line":37,"column":23},"end":{"line":37,"column":68}},"26":{"start":{"line":38,"column":23},"end":{"line":38,"column":68}},"27":{"start":{"line":39,"column":23},"end":{"line":39,"column":68}},"28":{"start":{"line":40,"column":19},"end":{"line":40,"column":56}},"29":{"start":{"line":41,"column":18},"end":{"line":41,"column":53}},"30":{"start":{"line":42,"column":26},"end":{"line":42,"column":77}},"31":{"start":{"line":43,"column":21},"end":{"line":43,"column":62}},"32":{"start":{"line":46,"column":2},"end":{"line":52,"column":3}},"33":{"start":{"line":47,"column":4},"end":{"line":47,"column":27}},"34":{"start":{"line":49,"column":16},"end":{"line":49,"column":46}},"35":{"start":{"line":50,"column":4},"end":{"line":50,"column":30}},"36":{"start":{"line":51,"column":4},"end":{"line":51,"column":16}},"37":{"start":{"line":56,"column":2},"end":{"line":59,"column":4}},"38":{"start":{"line":63,"column":2},"end":{"line":66,"column":4}},"39":{"start":{"line":69,"column":2},"end":{"line":72,"column":4}},"40":{"start":{"line":75,"column":2},"end":{"line":78,"column":4}},"41":{"start":{"line":81,"column":2},"end":{"line":84,"column":4}},"42":{"start":{"line":87,"column":2},"end":{"line":90,"column":4}},"43":{"start":{"line":94,"column":2},"end":{"line":97,"column":4}},"44":{"start":{"line":101,"column":2},"end":{"line":104,"column":4}},"45":{"start":{"line":108,"column":2},"end":{"line":111,"column":4}},"46":{"start":{"line":114,"column":14},"end":{"line":114,"column":62}},"47":{"start":{"line":115,"column":2},"end":{"line":126,"column":4}},"48":{"start":{"line":116,"column":4},"end":{"line":125,"column":7}},"49":{"start":{"line":124,"column":6},"end":{"line":124,"column":74}},"50":{"start":{"line":129,"column":14},"end":{"line":129,"column":62}},"51":{"start":{"line":130,"column":2},"end":{"line":144,"column":4}},"52":{"start":{"line":131,"column":4},"end":{"line":143,"column":7}},"53":{"start":{"line":140,"column":6},"end":{"line":140,"column":53}},"54":{"start":{"line":142,"column":6},"end":{"line":142,"column":61}},"55":{"start":{"line":147,"column":14},"end":{"line":147,"column":62}},"56":{"start":{"line":149,"column":2},"end":{"line":159,"column":4}},"57":{"start":{"line":150,"column":4},"end":{"line":158,"column":7}},"58":{"start":{"line":157,"column":6},"end":{"line":157,"column":43}},"59":{"start":{"line":163,"column":2},"end":{"line":177,"column":4}},"60":{"start":{"line":164,"column":4},"end":{"line":173,"column":7}},"61":{"start":{"line":165,"column":6},"end":{"line":165,"column":24}},"62":{"start":{"line":167,"column":23},"end":{"line":167,"column":38}},"63":{"start":{"line":168,"column":18},"end":{"line":168,"column":34}},"64":{"start":{"line":169,"column":6},"end":{"line":169,"column":39}},"65":{"start":{"line":169,"column":23},"end":{"line":169,"column":39}},"66":{"start":{"line":171,"column":6},"end":{"line":171,"column":42}},"67":{"start":{"line":172,"column":6},"end":{"line":172,"column":44}},"68":{"start":{"line":180,"column":2},"end":{"line":186,"column":4}},"69":{"start":{"line":181,"column":4},"end":{"line":185,"column":7}},"70":{"start":{"line":182,"column":6},"end":{"line":182,"column":24}},"71":{"start":{"line":184,"column":6},"end":{"line":184,"column":54}},"72":{"start":{"line":189,"column":14},"end":{"line":189,"column":62}},"73":{"start":{"line":190,"column":2},"end":{"line":201,"column":4}},"74":{"start":{"line":191,"column":4},"end":{"line":200,"column":7}},"75":{"start":{"line":199,"column":6},"end":{"line":199,"column":35}},"76":{"start":{"line":204,"column":2},"end":{"line":210,"column":4}},"77":{"start":{"line":205,"column":4},"end":{"line":209,"column":7}},"78":{"start":{"line":206,"column":6},"end":{"line":206,"column":24}},"79":{"start":{"line":208,"column":6},"end":{"line":208,"column":48}},"80":{"start":{"line":213,"column":2},"end":{"line":238,"column":3}},"81":{"start":{"line":214,"column":16},"end":{"line":214,"column":30}},"82":{"start":{"line":215,"column":4},"end":{"line":221,"column":6}},"83":{"start":{"line":216,"column":6},"end":{"line":220,"column":9}},"84":{"start":{"line":217,"column":8},"end":{"line":217,"column":31}},"85":{"start":{"line":219,"column":8},"end":{"line":219,"column":62}},"86":{"start":{"line":222,"column":9},"end":{"line":238,"column":3}},"87":{"start":{"line":223,"column":4},"end":{"line":229,"column":6}},"88":{"start":{"line":224,"column":6},"end":{"line":228,"column":9}},"89":{"start":{"line":225,"column":8},"end":{"line":225,"column":31}},"90":{"start":{"line":227,"column":8},"end":{"line":227,"column":69}},"91":{"start":{"line":230,"column":9},"end":{"line":238,"column":3}},"92":{"start":{"line":231,"column":4},"end":{"line":237,"column":6}},"93":{"start":{"line":232,"column":6},"end":{"line":236,"column":9}},"94":{"start":{"line":233,"column":8},"end":{"line":233,"column":31}},"95":{"start":{"line":235,"column":8},"end":{"line":235,"column":69}}},"fnMap":{"0":{"name":"_interopRequireDefault","decl":{"start":{"line":34,"column":9},"end":{"line":34,"column":31}},"loc":{"start":{"line":34,"column":37},"end":{"line":34,"column":95}},"line":34},"1":{"name":"handleResponce","decl":{"start":{"line":45,"column":9},"end":{"line":45,"column":23}},"loc":{"start":{"line":45,"column":34},"end":{"line":53,"column":1}},"line":45},"2":{"name":"errorOccured","decl":{"start":{"line":55,"column":9},"end":{"line":55,"column":21}},"loc":{"start":{"line":55,"column":29},"end":{"line":60,"column":1}},"line":55},"3":{"name":"setBusinesses","decl":{"start":{"line":62,"column":9},"end":{"line":62,"column":22}},"loc":{"start":{"line":62,"column":35},"end":{"line":67,"column":1}},"line":62},"4":{"name":"pagination","decl":{"start":{"line":68,"column":9},"end":{"line":68,"column":19}},"loc":{"start":{"line":68,"column":32},"end":{"line":73,"column":1}},"line":68},"5":{"name":"businessUpdated","decl":{"start":{"line":74,"column":9},"end":{"line":74,"column":24}},"loc":{"start":{"line":74,"column":35},"end":{"line":79,"column":1}},"line":74},"6":{"name":"businessDeleted","decl":{"start":{"line":80,"column":9},"end":{"line":80,"column":24}},"loc":{"start":{"line":80,"column":37},"end":{"line":85,"column":1}},"line":80},"7":{"name":"filteredBusinesses","decl":{"start":{"line":86,"column":9},"end":{"line":86,"column":27}},"loc":{"start":{"line":86,"column":48},"end":{"line":91,"column":1}},"line":86},"8":{"name":"businessFetched","decl":{"start":{"line":93,"column":9},"end":{"line":93,"column":24}},"loc":{"start":{"line":93,"column":35},"end":{"line":98,"column":1}},"line":93},"9":{"name":"reviewAdded","decl":{"start":{"line":100,"column":9},"end":{"line":100,"column":20}},"loc":{"start":{"line":100,"column":29},"end":{"line":105,"column":1}},"line":100},"10":{"name":"setReviews","decl":{"start":{"line":107,"column":9},"end":{"line":107,"column":19}},"loc":{"start":{"line":107,"column":29},"end":{"line":112,"column":1}},"line":107},"11":{"name":"saveBusiness","decl":{"start":{"line":113,"column":9},"end":{"line":113,"column":21}},"loc":{"start":{"line":113,"column":42},"end":{"line":127,"column":1}},"line":113},"12":{"name":"(anonymous_12)","decl":{"start":{"line":115,"column":9},"end":{"line":115,"column":10}},"loc":{"start":{"line":115,"column":29},"end":{"line":126,"column":3}},"line":115},"13":{"name":"(anonymous_13)","decl":{"start":{"line":123,"column":13},"end":{"line":123,"column":14}},"loc":{"start":{"line":123,"column":30},"end":{"line":125,"column":5}},"line":123},"14":{"name":"updateBusiness","decl":{"start":{"line":128,"column":9},"end":{"line":128,"column":23}},"loc":{"start":{"line":128,"column":44},"end":{"line":145,"column":1}},"line":128},"15":{"name":"(anonymous_15)","decl":{"start":{"line":130,"column":9},"end":{"line":130,"column":10}},"loc":{"start":{"line":130,"column":29},"end":{"line":144,"column":3}},"line":130},"16":{"name":"(anonymous_16)","decl":{"start":{"line":139,"column":12},"end":{"line":139,"column":13}},"loc":{"start":{"line":139,"column":28},"end":{"line":141,"column":5}},"line":139},"17":{"name":"(anonymous_17)","decl":{"start":{"line":141,"column":13},"end":{"line":141,"column":14}},"loc":{"start":{"line":141,"column":30},"end":{"line":143,"column":5}},"line":141},"18":{"name":"deleteBusiness","decl":{"start":{"line":146,"column":9},"end":{"line":146,"column":23}},"loc":{"start":{"line":146,"column":58},"end":{"line":160,"column":1}},"line":146},"19":{"name":"(anonymous_19)","decl":{"start":{"line":149,"column":9},"end":{"line":149,"column":10}},"loc":{"start":{"line":149,"column":29},"end":{"line":159,"column":3}},"line":149},"20":{"name":"(anonymous_20)","decl":{"start":{"line":156,"column":33},"end":{"line":156,"column":34}},"loc":{"start":{"line":156,"column":49},"end":{"line":158,"column":5}},"line":156},"21":{"name":"fetchBusinesses","decl":{"start":{"line":162,"column":9},"end":{"line":162,"column":24}},"loc":{"start":{"line":162,"column":31},"end":{"line":178,"column":1}},"line":162},"22":{"name":"(anonymous_22)","decl":{"start":{"line":163,"column":9},"end":{"line":163,"column":10}},"loc":{"start":{"line":163,"column":29},"end":{"line":177,"column":3}},"line":163},"23":{"name":"(anonymous_23)","decl":{"start":{"line":164,"column":93},"end":{"line":164,"column":94}},"loc":{"start":{"line":164,"column":108},"end":{"line":166,"column":5}},"line":164},"24":{"name":"(anonymous_24)","decl":{"start":{"line":166,"column":12},"end":{"line":166,"column":13}},"loc":{"start":{"line":166,"column":28},"end":{"line":173,"column":5}},"line":166},"25":{"name":"fetchBusiness","decl":{"start":{"line":179,"column":9},"end":{"line":179,"column":22}},"loc":{"start":{"line":179,"column":27},"end":{"line":187,"column":1}},"line":179},"26":{"name":"(anonymous_26)","decl":{"start":{"line":180,"column":9},"end":{"line":180,"column":10}},"loc":{"start":{"line":180,"column":29},"end":{"line":186,"column":3}},"line":180},"27":{"name":"(anonymous_27)","decl":{"start":{"line":181,"column":76},"end":{"line":181,"column":77}},"loc":{"start":{"line":181,"column":91},"end":{"line":183,"column":5}},"line":181},"28":{"name":"(anonymous_28)","decl":{"start":{"line":183,"column":12},"end":{"line":183,"column":13}},"loc":{"start":{"line":183,"column":28},"end":{"line":185,"column":5}},"line":183},"29":{"name":"addReview","decl":{"start":{"line":188,"column":9},"end":{"line":188,"column":18}},"loc":{"start":{"line":188,"column":30},"end":{"line":202,"column":1}},"line":188},"30":{"name":"(anonymous_30)","decl":{"start":{"line":190,"column":9},"end":{"line":190,"column":10}},"loc":{"start":{"line":190,"column":29},"end":{"line":201,"column":3}},"line":190},"31":{"name":"(anonymous_31)","decl":{"start":{"line":198,"column":33},"end":{"line":198,"column":34}},"loc":{"start":{"line":198,"column":49},"end":{"line":200,"column":5}},"line":198},"32":{"name":"fetchReviews","decl":{"start":{"line":203,"column":9},"end":{"line":203,"column":21}},"loc":{"start":{"line":203,"column":27},"end":{"line":211,"column":1}},"line":203},"33":{"name":"(anonymous_33)","decl":{"start":{"line":204,"column":9},"end":{"line":204,"column":10}},"loc":{"start":{"line":204,"column":29},"end":{"line":210,"column":3}},"line":204},"34":{"name":"(anonymous_34)","decl":{"start":{"line":205,"column":79},"end":{"line":205,"column":80}},"loc":{"start":{"line":205,"column":94},"end":{"line":207,"column":5}},"line":205},"35":{"name":"(anonymous_35)","decl":{"start":{"line":207,"column":12},"end":{"line":207,"column":13}},"loc":{"start":{"line":207,"column":28},"end":{"line":209,"column":5}},"line":207},"36":{"name":"getFilteredBusinesses","decl":{"start":{"line":212,"column":9},"end":{"line":212,"column":30}},"loc":{"start":{"line":212,"column":64},"end":{"line":239,"column":1}},"line":212},"37":{"name":"(anonymous_37)","decl":{"start":{"line":215,"column":11},"end":{"line":215,"column":12}},"loc":{"start":{"line":215,"column":31},"end":{"line":221,"column":5}},"line":215},"38":{"name":"(anonymous_38)","decl":{"start":{"line":216,"column":110},"end":{"line":216,"column":111}},"loc":{"start":{"line":216,"column":130},"end":{"line":218,"column":7}},"line":216},"39":{"name":"(anonymous_39)","decl":{"start":{"line":218,"column":14},"end":{"line":218,"column":15}},"loc":{"start":{"line":218,"column":30},"end":{"line":220,"column":7}},"line":218},"40":{"name":"(anonymous_40)","decl":{"start":{"line":223,"column":11},"end":{"line":223,"column":12}},"loc":{"start":{"line":223,"column":31},"end":{"line":229,"column":5}},"line":223},"41":{"name":"(anonymous_41)","decl":{"start":{"line":224,"column":91},"end":{"line":224,"column":92}},"loc":{"start":{"line":224,"column":111},"end":{"line":226,"column":7}},"line":224},"42":{"name":"(anonymous_42)","decl":{"start":{"line":226,"column":14},"end":{"line":226,"column":15}},"loc":{"start":{"line":226,"column":30},"end":{"line":228,"column":7}},"line":226},"43":{"name":"(anonymous_43)","decl":{"start":{"line":231,"column":11},"end":{"line":231,"column":12}},"loc":{"start":{"line":231,"column":31},"end":{"line":237,"column":5}},"line":231},"44":{"name":"(anonymous_44)","decl":{"start":{"line":232,"column":91},"end":{"line":232,"column":92}},"loc":{"start":{"line":232,"column":111},"end":{"line":234,"column":7}},"line":232},"45":{"name":"(anonymous_45)","decl":{"start":{"line":234,"column":14},"end":{"line":234,"column":15}},"loc":{"start":{"line":234,"column":30},"end":{"line":236,"column":7}},"line":234}},"branchMap":{"0":{"loc":{"start":{"line":34,"column":46},"end":{"line":34,"column":92}},"type":"cond-expr","locations":[{"start":{"line":34,"column":70},"end":{"line":34,"column":73}},{"start":{"line":34,"column":76},"end":{"line":34,"column":92}}],"line":34},"1":{"loc":{"start":{"line":34,"column":46},"end":{"line":34,"column":67}},"type":"binary-expr","locations":[{"start":{"line":34,"column":46},"end":{"line":34,"column":49}},{"start":{"line":34,"column":53},"end":{"line":34,"column":67}}],"line":34},"2":{"loc":{"start":{"line":46,"column":2},"end":{"line":52,"column":3}},"type":"if","locations":[{"start":{"line":46,"column":2},"end":{"line":52,"column":3}},{"start":{"line":46,"column":2},"end":{"line":52,"column":3}}],"line":46},"3":{"loc":{"start":{"line":169,"column":6},"end":{"line":169,"column":39}},"type":"if","locations":[{"start":{"line":169,"column":6},"end":{"line":169,"column":39}},{"start":{"line":169,"column":6},"end":{"line":169,"column":39}}],"line":169},"4":{"loc":{"start":{"line":213,"column":2},"end":{"line":238,"column":3}},"type":"if","locations":[{"start":{"line":213,"column":2},"end":{"line":238,"column":3}},{"start":{"line":213,"column":2},"end":{"line":238,"column":3}}],"line":213},"5":{"loc":{"start":{"line":222,"column":9},"end":{"line":238,"column":3}},"type":"if","locations":[{"start":{"line":222,"column":9},"end":{"line":238,"column":3}},{"start":{"line":222,"column":9},"end":{"line":238,"column":3}}],"line":222},"6":{"loc":{"start":{"line":230,"column":9},"end":{"line":238,"column":3}},"type":"if","locations":[{"start":{"line":230,"column":9},"end":{"line":238,"column":3}},{"start":{"line":230,"column":9},"end":{"line":238,"column":3}}],"line":230}},"s":{"0":2,"1":2,"2":2,"3":2,"4":2,"5":2,"6":2,"7":2,"8":2,"9":2,"10":2,"11":2,"12":2,"13":2,"14":2,"15":2,"16":2,"17":2,"18":2,"19":2,"20":2,"21":2,"22":2,"23":4,"24":2,"25":2,"26":2,"27":2,"28":2,"29":2,"30":2,"31":2,"32":0,"33":0,"34":0,"35":0,"36":0,"37":0,"38":1,"39":0,"40":1,"41":1,"42":1,"43":2,"44":1,"45":0,"46":0,"47":0,"48":0,"49":0,"50":0,"51":0,"52":0,"53":0,"54":0,"55":0,"56":0,"57":0,"58":0,"59":1,"60":0,"61":0,"62":0,"63":0,"64":0,"65":0,"66":0,"67":0,"68":0,"69":0,"70":0,"71":0,"72":0,"73":0,"74":0,"75":0,"76":0,"77":0,"78":0,"79":0,"80":0,"81":0,"82":0,"83":0,"84":0,"85":0,"86":0,"87":0,"88":0,"89":0,"90":0,"91":0,"92":0,"93":0,"94":0,"95":0},"f":{"0":4,"1":0,"2":0,"3":1,"4":0,"5":1,"6":1,"7":1,"8":2,"9":1,"10":0,"11":0,"12":0,"13":0,"14":0,"15":0,"16":0,"17":0,"18":0,"19":0,"20":0,"21":1,"22":0,"23":0,"24":0,"25":0,"26":0,"27":0,"28":0,"29":0,"30":0,"31":0,"32":0,"33":0,"34":0,"35":0,"36":0,"37":0,"38":0,"39":0,"40":0,"41":0,"42":0,"43":0,"44":0,"45":0},"b":{"0":[2,2],"1":[4,4],"2":[0,0],"3":[0,0],"4":[0,0],"5":[0,0],"6":[0,0]},"_coverageSchema":"332fd63041d2c1bcb487cc26dd0d5f7d97098a6c","hash":"461993e6f29a97cce23f894ad49898f20f9aeaa7"}
,"/Users/bonifaseorwa/Documents/WeConnectV3/weconnect_v3/src/api.js": {"path":"/Users/bonifaseorwa/Documents/WeConnectV3/weconnect_v3/src/api.js","statementMap":{"0":{"start":{"line":3,"column":0},"end":{"line":5,"column":3}},"1":{"start":{"line":7,"column":13},"end":{"line":7,"column":29}},"2":{"start":{"line":9,"column":14},"end":{"line":9,"column":44}},"3":{"start":{"line":11,"column":39},"end":{"line":11,"column":93}},"4":{"start":{"line":13,"column":0},"end":{"line":31,"column":2}},"5":{"start":{"line":16,"column":6},"end":{"line":18,"column":9}},"6":{"start":{"line":17,"column":8},"end":{"line":17,"column":24}},"7":{"start":{"line":22,"column":6},"end":{"line":24,"column":9}},"8":{"start":{"line":23,"column":8},"end":{"line":23,"column":24}},"9":{"start":{"line":28,"column":6},"end":{"line":28,"column":116}}},"fnMap":{"0":{"name":"_interopRequireDefault","decl":{"start":{"line":11,"column":9},"end":{"line":11,"column":31}},"loc":{"start":{"line":11,"column":37},"end":{"line":11,"column":95}},"line":11},"1":{"name":"login","decl":{"start":{"line":15,"column":20},"end":{"line":15,"column":25}},"loc":{"start":{"line":15,"column":39},"end":{"line":19,"column":5}},"line":15},"2":{"name":"(anonymous_2)","decl":{"start":{"line":16,"column":107},"end":{"line":16,"column":108}},"loc":{"start":{"line":16,"column":122},"end":{"line":18,"column":7}},"line":16},"3":{"name":"signup","decl":{"start":{"line":21,"column":21},"end":{"line":21,"column":27}},"loc":{"start":{"line":21,"column":34},"end":{"line":25,"column":5}},"line":21},"4":{"name":"(anonymous_4)","decl":{"start":{"line":22,"column":103},"end":{"line":22,"column":104}},"loc":{"start":{"line":22,"column":118},"end":{"line":24,"column":7}},"line":22},"5":{"name":"resetPasswordRequest","decl":{"start":{"line":27,"column":35},"end":{"line":27,"column":55}},"loc":{"start":{"line":27,"column":63},"end":{"line":29,"column":5}},"line":27}},"branchMap":{"0":{"loc":{"start":{"line":11,"column":46},"end":{"line":11,"column":92}},"type":"cond-expr","locations":[{"start":{"line":11,"column":70},"end":{"line":11,"column":73}},{"start":{"line":11,"column":76},"end":{"line":11,"column":92}}],"line":11},"1":{"loc":{"start":{"line":11,"column":46},"end":{"line":11,"column":67}},"type":"binary-expr","locations":[{"start":{"line":11,"column":46},"end":{"line":11,"column":49}},{"start":{"line":11,"column":53},"end":{"line":11,"column":67}}],"line":11}},"s":{"0":4,"1":4,"2":4,"3":4,"4":4,"5":0,"6":0,"7":0,"8":0,"9":0},"f":{"0":4,"1":0,"2":0,"3":0,"4":0,"5":0},"b":{"0":[0,4],"1":[4,4]},"_coverageSchema":"332fd63041d2c1bcb487cc26dd0d5f7d97098a6c","hash":"25058d5940200786c83996e9af931752fff56cfa"}
,"/Users/bonifaseorwa/Documents/WeConnectV3/weconnect_v3/src/types.js": {"path":"/Users/bonifaseorwa/Documents/WeConnectV3/weconnect_v3/src/types.js","statementMap":{"0":{"start":{"line":3,"column":0},"end":{"line":5,"column":3}},"1":{"start":{"line":6,"column":21},"end":{"line":6,"column":62}},"2":{"start":{"line":7,"column":22},"end":{"line":7,"column":65}},"3":{"start":{"line":8,"column":24},"end":{"line":8,"column":72}},"4":{"start":{"line":9,"column":27},"end":{"line":9,"column":80}},"5":{"start":{"line":10,"column":21},"end":{"line":10,"column":62}}},"fnMap":{},"branchMap":{},"s":{"0":6,"1":6,"2":6,"3":6,"4":6,"5":6},"f":{},"b":{},"_coverageSchema":"332fd63041d2c1bcb487cc26dd0d5f7d97098a6c","hash":"6eda14d743e331b051c3479cfbe0b3f2ec8ebfd9"}
,"/Users/bonifaseorwa/Documents/WeConnectV3/weconnect_v3/src/actions/FlashMessages.js": {"path":"/Users/bonifaseorwa/Documents/WeConnectV3/weconnect_v3/src/actions/FlashMessages.js","statementMap":{"0":{"start":{"line":3,"column":0},"end":{"line":5,"column":3}},"1":{"start":{"line":6,"column":0},"end":{"line":6,"column":42}},"2":{"start":{"line":7,"column":0},"end":{"line":7,"column":48}},"3":{"start":{"line":9,"column":13},"end":{"line":9,"column":32}},"4":{"start":{"line":12,"column":2},"end":{"line":15,"column":4}},"5":{"start":{"line":18,"column":2},"end":{"line":21,"column":4}}},"fnMap":{"0":{"name":"addFlashMessage","decl":{"start":{"line":11,"column":9},"end":{"line":11,"column":24}},"loc":{"start":{"line":11,"column":34},"end":{"line":16,"column":1}},"line":11},"1":{"name":"deleteFlashMessage","decl":{"start":{"line":17,"column":9},"end":{"line":17,"column":27}},"loc":{"start":{"line":17,"column":32},"end":{"line":22,"column":1}},"line":17}},"branchMap":{},"s":{"0":4,"1":4,"2":4,"3":4,"4":2,"5":2},"f":{"0":2,"1":2},"b":{},"_coverageSchema":"332fd63041d2c1bcb487cc26dd0d5f7d97098a6c","hash":"71744a9b36eb9873b6d27518895c8726e667f2fa"}
,"/Users/bonifaseorwa/Documents/WeConnectV3/weconnect_v3/src/actions/auth.js": {"path":"/Users/bonifaseorwa/Documents/WeConnectV3/weconnect_v3/src/actions/auth.js","statementMap":{"0":{"start":{"line":3,"column":0},"end":{"line":5,"column":3}},"1":{"start":{"line":6,"column":0},"end":{"line":6,"column":176}},"2":{"start":{"line":8,"column":17},"end":{"line":8,"column":64}},"3":{"start":{"line":10,"column":18},"end":{"line":10,"column":52}},"4":{"start":{"line":12,"column":13},"end":{"line":12,"column":32}},"5":{"start":{"line":14,"column":11},"end":{"line":14,"column":28}},"6":{"start":{"line":16,"column":12},"end":{"line":16,"column":40}},"7":{"start":{"line":18,"column":39},"end":{"line":18,"column":93}},"8":{"start":{"line":20,"column":19},"end":{"line":25,"column":1}},"9":{"start":{"line":21,"column":2},"end":{"line":24,"column":4}},"10":{"start":{"line":27,"column":20},"end":{"line":31,"column":1}},"11":{"start":{"line":28,"column":2},"end":{"line":30,"column":4}},"12":{"start":{"line":33,"column":20},"end":{"line":38,"column":1}},"13":{"start":{"line":34,"column":2},"end":{"line":37,"column":4}},"14":{"start":{"line":40,"column":12},"end":{"line":53,"column":1}},"15":{"start":{"line":41,"column":2},"end":{"line":52,"column":4}},"16":{"start":{"line":42,"column":4},"end":{"line":51,"column":7}},"17":{"start":{"line":43,"column":25},"end":{"line":43,"column":42}},"18":{"start":{"line":44,"column":19},"end":{"line":44,"column":30}},"19":{"start":{"line":45,"column":21},"end":{"line":45,"column":34}},"20":{"start":{"line":47,"column":6},"end":{"line":47,"column":83}},"21":{"start":{"line":48,"column":6},"end":{"line":48,"column":71}},"22":{"start":{"line":49,"column":6},"end":{"line":49,"column":75}},"23":{"start":{"line":50,"column":6},"end":{"line":50,"column":35}},"24":{"start":{"line":55,"column":13},"end":{"line":62,"column":1}},"25":{"start":{"line":56,"column":2},"end":{"line":61,"column":4}},"26":{"start":{"line":57,"column":4},"end":{"line":57,"column":44}},"27":{"start":{"line":58,"column":4},"end":{"line":58,"column":38}},"28":{"start":{"line":59,"column":4},"end":{"line":59,"column":40}},"29":{"start":{"line":60,"column":4},"end":{"line":60,"column":30}},"30":{"start":{"line":64,"column":27},"end":{"line":74,"column":1}},"31":{"start":{"line":65,"column":14},"end":{"line":65,"column":24}},"32":{"start":{"line":66,"column":2},"end":{"line":73,"column":4}},"33":{"start":{"line":67,"column":4},"end":{"line":72,"column":7}},"34":{"start":{"line":68,"column":23},"end":{"line":68,"column":43}},"35":{"start":{"line":70,"column":6},"end":{"line":70,"column":78}},"36":{"start":{"line":71,"column":6},"end":{"line":71,"column":41}},"37":{"start":{"line":76,"column":27},"end":{"line":81,"column":1}},"38":{"start":{"line":77,"column":20},"end":{"line":77,"column":37}},"39":{"start":{"line":78,"column":2},"end":{"line":80,"column":4}},"40":{"start":{"line":79,"column":4},"end":{"line":79,"column":64}}},"fnMap":{"0":{"name":"_interopRequireDefault","decl":{"start":{"line":18,"column":9},"end":{"line":18,"column":31}},"loc":{"start":{"line":18,"column":37},"end":{"line":18,"column":95}},"line":18},"1":{"name":"userLoggedIn","decl":{"start":{"line":20,"column":51},"end":{"line":20,"column":63}},"loc":{"start":{"line":20,"column":70},"end":{"line":25,"column":1}},"line":20},"2":{"name":"userLoggedOut","decl":{"start":{"line":27,"column":53},"end":{"line":27,"column":66}},"loc":{"start":{"line":27,"column":69},"end":{"line":31,"column":1}},"line":27},"3":{"name":"linkGenerated","decl":{"start":{"line":33,"column":53},"end":{"line":33,"column":66}},"loc":{"start":{"line":33,"column":78},"end":{"line":38,"column":1}},"line":33},"4":{"name":"login","decl":{"start":{"line":40,"column":37},"end":{"line":40,"column":42}},"loc":{"start":{"line":40,"column":56},"end":{"line":53,"column":1}},"line":40},"5":{"name":"(anonymous_5)","decl":{"start":{"line":41,"column":9},"end":{"line":41,"column":10}},"loc":{"start":{"line":41,"column":29},"end":{"line":52,"column":3}},"line":41},"6":{"name":"(anonymous_6)","decl":{"start":{"line":42,"column":54},"end":{"line":42,"column":55}},"loc":{"start":{"line":42,"column":70},"end":{"line":51,"column":5}},"line":42},"7":{"name":"logout","decl":{"start":{"line":55,"column":39},"end":{"line":55,"column":45}},"loc":{"start":{"line":55,"column":48},"end":{"line":62,"column":1}},"line":55},"8":{"name":"(anonymous_8)","decl":{"start":{"line":56,"column":9},"end":{"line":56,"column":10}},"loc":{"start":{"line":56,"column":29},"end":{"line":61,"column":3}},"line":56},"9":{"name":"resetPasswordRequest","decl":{"start":{"line":64,"column":67},"end":{"line":64,"column":87}},"loc":{"start":{"line":64,"column":94},"end":{"line":74,"column":1}},"line":64},"10":{"name":"(anonymous_10)","decl":{"start":{"line":66,"column":9},"end":{"line":66,"column":10}},"loc":{"start":{"line":66,"column":29},"end":{"line":73,"column":3}},"line":66},"11":{"name":"(anonymous_11)","decl":{"start":{"line":67,"column":63},"end":{"line":67,"column":64}},"loc":{"start":{"line":67,"column":84},"end":{"line":72,"column":5}},"line":67},"12":{"name":"confirmResetPassword","decl":{"start":{"line":76,"column":67},"end":{"line":76,"column":87}},"loc":{"start":{"line":76,"column":95},"end":{"line":81,"column":1}},"line":76},"13":{"name":"(anonymous_13)","decl":{"start":{"line":78,"column":9},"end":{"line":78,"column":10}},"loc":{"start":{"line":78,"column":21},"end":{"line":80,"column":3}},"line":78}},"branchMap":{"0":{"loc":{"start":{"line":18,"column":46},"end":{"line":18,"column":92}},"type":"cond-expr","locations":[{"start":{"line":18,"column":70},"end":{"line":18,"column":73}},{"start":{"line":18,"column":76},"end":{"line":18,"column":92}}],"line":18},"1":{"loc":{"start":{"line":18,"column":46},"end":{"line":18,"column":67}},"type":"binary-expr","locations":[{"start":{"line":18,"column":46},"end":{"line":18,"column":49}},{"start":{"line":18,"column":53},"end":{"line":18,"column":67}}],"line":18}},"s":{"0":4,"1":4,"2":4,"3":4,"4":4,"5":4,"6":4,"7":8,"8":4,"9":2,"10":4,"11":2,"12":4,"13":0,"14":4,"15":0,"16":0,"17":0,"18":0,"19":0,"20":0,"21":0,"22":0,"23":0,"24":4,"25":0,"26":0,"27":0,"28":0,"29":0,"30":4,"31":0,"32":0,"33":0,"34":0,"35":0,"36":0,"37":4,"38":0,"39":0,"40":0},"f":{"0":8,"1":2,"2":2,"3":0,"4":0,"5":0,"6":0,"7":0,"8":0,"9":0,"10":0,"11":0,"12":0,"13":0},"b":{"0":[8,0],"1":[8,8]},"_coverageSchema":"332fd63041d2c1bcb487cc26dd0d5f7d97098a6c","hash":"386d56447ed943ab87a008a3c6d1dacef6ad38f4"}
,"/Users/bonifaseorwa/Documents/WeConnectV3/weconnect_v3/src/components/body/Body.js": {"path":"/Users/bonifaseorwa/Documents/WeConnectV3/weconnect_v3/src/components/body/Body.js","statementMap":{"0":{"start":{"line":3,"column":0},"end":{"line":5,"column":3}},"1":{"start":{"line":7,"column":22},"end":{"line":7,"column":78}},"2":{"start":{"line":9,"column":23},"end":{"line":9,"column":62}},"3":{"start":{"line":11,"column":23},"end":{"line":11,"column":70}},"4":{"start":{"line":13,"column":23},"end":{"line":13,"column":63}},"5":{"start":{"line":15,"column":20},"end":{"line":15,"column":64}},"6":{"start":{"line":17,"column":20},"end":{"line":17,"column":57}},"7":{"start":{"line":19,"column":34},"end":{"line":19,"column":92}},"8":{"start":{"line":21,"column":34},"end":{"line":21,"column":85}},"9":{"start":{"line":23,"column":17},"end":{"line":23,"column":58}},"10":{"start":{"line":25,"column":17},"end":{"line":25,"column":51}},"11":{"start":{"line":27,"column":13},"end":{"line":27,"column":29}},"12":{"start":{"line":29,"column":14},"end":{"line":29,"column":44}},"13":{"start":{"line":31,"column":39},"end":{"line":31,"column":93}},"14":{"start":{"line":33,"column":16},"end":{"line":37,"column":1}},"15":{"start":{"line":39,"column":11},"end":{"line":128,"column":19}},"16":{"start":{"line":40,"column":2},"end":{"line":40,"column":44}},"17":{"start":{"line":43,"column":4},"end":{"line":43,"column":46}},"18":{"start":{"line":44,"column":4},"end":{"line":44,"column":138}},"19":{"start":{"line":47,"column":2},"end":{"line":126,"column":6}},"20":{"start":{"line":50,"column":6},"end":{"line":124,"column":8}},"21":{"start":{"line":127,"column":2},"end":{"line":127,"column":14}},"22":{"start":{"line":130,"column":0},"end":{"line":130,"column":23}}},"fnMap":{"0":{"name":"_interopRequireDefault","decl":{"start":{"line":31,"column":9},"end":{"line":31,"column":31}},"loc":{"start":{"line":31,"column":37},"end":{"line":31,"column":95}},"line":31},"1":{"name":"(anonymous_1)","decl":{"start":{"line":39,"column":11},"end":{"line":39,"column":12}},"loc":{"start":{"line":39,"column":33},"end":{"line":128,"column":1}},"line":39},"2":{"name":"Body","decl":{"start":{"line":42,"column":11},"end":{"line":42,"column":15}},"loc":{"start":{"line":42,"column":18},"end":{"line":45,"column":3}},"line":42},"3":{"name":"render","decl":{"start":{"line":49,"column":20},"end":{"line":49,"column":26}},"loc":{"start":{"line":49,"column":29},"end":{"line":125,"column":5}},"line":49}},"branchMap":{"0":{"loc":{"start":{"line":31,"column":46},"end":{"line":31,"column":92}},"type":"cond-expr","locations":[{"start":{"line":31,"column":70},"end":{"line":31,"column":73}},{"start":{"line":31,"column":76},"end":{"line":31,"column":92}}],"line":31},"1":{"loc":{"start":{"line":31,"column":46},"end":{"line":31,"column":67}},"type":"binary-expr","locations":[{"start":{"line":31,"column":46},"end":{"line":31,"column":49}},{"start":{"line":31,"column":53},"end":{"line":31,"column":67}}],"line":31},"2":{"loc":{"start":{"line":44,"column":59},"end":{"line":44,"column":112}},"type":"binary-expr","locations":[{"start":{"line":44,"column":59},"end":{"line":44,"column":73}},{"start":{"line":44,"column":77},"end":{"line":44,"column":112}}],"line":44}},"s":{"0":1,"1":1,"2":1,"3":1,"4":1,"5":1,"6":1,"7":1,"8":1,"9":1,"10":1,"11":1,"12":1,"13":6,"14":1,"15":1,"16":1,"17":8,"18":8,"19":1,"20":8,"21":1,"22":1},"f":{"0":6,"1":1,"2":8,"3":8},"b":{"0":[5,1],"1":[6,6],"2":[8,0]},"_coverageSchema":"332fd63041d2c1bcb487cc26dd0d5f7d97098a6c","hash":"33aefb4738f895744f40a541b77704d2cfedb418"}
,"/Users/bonifaseorwa/Documents/WeConnectV3/weconnect_v3/src/components/businesses/AddBusinessForm.js": {"path":"/Users/bonifaseorwa/Documents/WeConnectV3/weconnect_v3/src/components/businesses/AddBusinessForm.js","statementMap":{"0":{"start":{"line":3,"column":0},"end":{"line":5,"column":3}},"1":{"start":{"line":7,"column":13},"end":{"line":7,"column":29}},"2":{"start":{"line":9,"column":14},"end":{"line":9,"column":44}},"3":{"start":{"line":11,"column":22},"end":{"line":11,"column":49}},"4":{"start":{"line":13,"column":23},"end":{"line":13,"column":51}},"5":{"start":{"line":15,"column":19},"end":{"line":15,"column":53}},"6":{"start":{"line":17,"column":20},"end":{"line":17,"column":56}},"7":{"start":{"line":19,"column":0},"end":{"line":19,"column":42}},"8":{"start":{"line":21,"column":39},"end":{"line":21,"column":93}},"9":{"start":{"line":23,"column":21},"end":{"line":27,"column":1}},"10":{"start":{"line":29,"column":22},"end":{"line":203,"column":1}},"11":{"start":{"line":30,"column":21},"end":{"line":30,"column":32}},"12":{"start":{"line":31,"column":13},"end":{"line":31,"column":30}},"13":{"start":{"line":32,"column":15},"end":{"line":32,"column":34}},"14":{"start":{"line":33,"column":16},"end":{"line":33,"column":36}},"15":{"start":{"line":35,"column":2},"end":{"line":202,"column":4}},"16":{"start":{"line":205,"column":0},"end":{"line":205,"column":34}}},"fnMap":{"0":{"name":"_interopRequireDefault","decl":{"start":{"line":21,"column":9},"end":{"line":21,"column":31}},"loc":{"start":{"line":21,"column":37},"end":{"line":21,"column":95}},"line":21},"1":{"name":"AddBusinessForm","decl":{"start":{"line":29,"column":31},"end":{"line":29,"column":46}},"loc":{"start":{"line":29,"column":54},"end":{"line":203,"column":1}},"line":29}},"branchMap":{"0":{"loc":{"start":{"line":21,"column":46},"end":{"line":21,"column":92}},"type":"cond-expr","locations":[{"start":{"line":21,"column":70},"end":{"line":21,"column":73}},{"start":{"line":21,"column":76},"end":{"line":21,"column":92}}],"line":21},"1":{"loc":{"start":{"line":21,"column":46},"end":{"line":21,"column":67}},"type":"binary-expr","locations":[{"start":{"line":21,"column":46},"end":{"line":21,"column":49}},{"start":{"line":21,"column":53},"end":{"line":21,"column":67}}],"line":21},"2":{"loc":{"start":{"line":61,"column":16},"end":{"line":70,"column":17}},"type":"binary-expr","locations":[{"start":{"line":61,"column":16},"end":{"line":61,"column":30}},{"start":{"line":61,"column":34},"end":{"line":70,"column":17}}],"line":61},"3":{"loc":{"start":{"line":92,"column":18},"end":{"line":92,"column":108}},"type":"binary-expr","locations":[{"start":{"line":92,"column":18},"end":{"line":92,"column":29}},{"start":{"line":92,"column":33},"end":{"line":92,"column":108}}],"line":92},"4":{"loc":{"start":{"line":115,"column":18},"end":{"line":115,"column":116}},"type":"binary-expr","locations":[{"start":{"line":115,"column":18},"end":{"line":115,"column":33}},{"start":{"line":115,"column":37},"end":{"line":115,"column":116}}],"line":115},"5":{"loc":{"start":{"line":138,"column":18},"end":{"line":138,"column":116}},"type":"binary-expr","locations":[{"start":{"line":138,"column":18},"end":{"line":138,"column":33}},{"start":{"line":138,"column":37},"end":{"line":138,"column":116}}],"line":138}},"s":{"0":1,"1":1,"2":1,"3":1,"4":1,"5":1,"6":1,"7":1,"8":2,"9":1,"10":1,"11":5,"12":5,"13":5,"14":5,"15":5,"16":1},"f":{"0":2,"1":5},"b":{"0":[1,1],"1":[2,2],"2":[5,2],"3":[5,2],"4":[5,2],"5":[5,2]},"_coverageSchema":"332fd63041d2c1bcb487cc26dd0d5f7d97098a6c","hash":"f0043e82e0e15aeec86f66e4f1674b7fd6ecc0a0"}
,"/Users/bonifaseorwa/Documents/WeConnectV3/weconnect_v3/src/components/login/LoginForm.js": {"path":"/Users/bonifaseorwa/Documents/WeConnectV3/weconnect_v3/src/components/login/LoginForm.js","statementMap":{"0":{"start":{"line":3,"column":0},"end":{"line":5,"column":3}},"1":{"start":{"line":7,"column":13},"end":{"line":7,"column":29}},"2":{"start":{"line":9,"column":14},"end":{"line":9,"column":44}},"3":{"start":{"line":11,"column":23},"end":{"line":11,"column":51}},"4":{"start":{"line":13,"column":22},"end":{"line":13,"column":49}},"5":{"start":{"line":15,"column":19},"end":{"line":15,"column":53}},"6":{"start":{"line":17,"column":20},"end":{"line":17,"column":56}},"7":{"start":{"line":19,"column":0},"end":{"line":19,"column":42}},"8":{"start":{"line":21,"column":25},"end":{"line":21,"column":65}},"9":{"start":{"line":23,"column":26},"end":{"line":23,"column":68}},"10":{"start":{"line":25,"column":39},"end":{"line":25,"column":93}},"11":{"start":{"line":27,"column":16},"end":{"line":31,"column":1}},"12":{"start":{"line":33,"column":16},"end":{"line":159,"column":1}},"13":{"start":{"line":34,"column":21},"end":{"line":34,"column":32}},"14":{"start":{"line":35,"column":13},"end":{"line":35,"column":30}},"15":{"start":{"line":36,"column":15},"end":{"line":36,"column":34}},"16":{"start":{"line":37,"column":16},"end":{"line":37,"column":36}},"17":{"start":{"line":40,"column":2},"end":{"line":158,"column":4}},"18":{"start":{"line":161,"column":0},"end":{"line":161,"column":25}},"19":{"start":{"line":163,"column":0},"end":{"line":163,"column":28}}},"fnMap":{"0":{"name":"_interopRequireDefault","decl":{"start":{"line":25,"column":9},"end":{"line":25,"column":31}},"loc":{"start":{"line":25,"column":37},"end":{"line":25,"column":95}},"line":25},"1":{"name":"LoginForm","decl":{"start":{"line":33,"column":25},"end":{"line":33,"column":34}},"loc":{"start":{"line":33,"column":42},"end":{"line":159,"column":1}},"line":33}},"branchMap":{"0":{"loc":{"start":{"line":25,"column":46},"end":{"line":25,"column":92}},"type":"cond-expr","locations":[{"start":{"line":25,"column":70},"end":{"line":25,"column":73}},{"start":{"line":25,"column":76},"end":{"line":25,"column":92}}],"line":25},"1":{"loc":{"start":{"line":25,"column":46},"end":{"line":25,"column":67}},"type":"binary-expr","locations":[{"start":{"line":25,"column":46},"end":{"line":25,"column":49}},{"start":{"line":25,"column":53},"end":{"line":25,"column":67}}],"line":25},"2":{"loc":{"start":{"line":71,"column":18},"end":{"line":79,"column":19}},"type":"binary-expr","locations":[{"start":{"line":71,"column":18},"end":{"line":71,"column":32}},{"start":{"line":71,"column":36},"end":{"line":79,"column":19}}],"line":71},"3":{"loc":{"start":{"line":101,"column":20},"end":{"line":101,"column":112}},"type":"binary-expr","locations":[{"start":{"line":101,"column":20},"end":{"line":101,"column":32}},{"start":{"line":101,"column":36},"end":{"line":101,"column":112}}],"line":101},"4":{"loc":{"start":{"line":124,"column":20},"end":{"line":124,"column":118}},"type":"binary-expr","locations":[{"start":{"line":124,"column":20},"end":{"line":124,"column":35}},{"start":{"line":124,"column":39},"end":{"line":124,"column":118}}],"line":124}},"s":{"0":2,"1":2,"2":2,"3":2,"4":2,"5":2,"6":2,"7":2,"8":2,"9":2,"10":6,"11":2,"12":2,"13":5,"14":5,"15":5,"16":5,"17":5,"18":2,"19":2},"f":{"0":6,"1":5},"b":{"0":[4,2],"1":[6,6],"2":[5,0],"3":[5,0],"4":[5,0]},"_coverageSchema":"332fd63041d2c1bcb487cc26dd0d5f7d97098a6c","hash":"299978cbc77d8721bf73222abe9636dd72b587e9"}
,"/Users/bonifaseorwa/Documents/WeConnectV3/weconnect_v3/src/components/login/LoginPage.js": {"path":"/Users/bonifaseorwa/Documents/WeConnectV3/weconnect_v3/src/components/login/LoginPage.js","statementMap":{"0":{"start":{"line":3,"column":0},"end":{"line":5,"column":3}},"1":{"start":{"line":6,"column":0},"end":{"line":6,"column":29}},"2":{"start":{"line":8,"column":12},"end":{"line":8,"column":56}},"3":{"start":{"line":10,"column":13},"end":{"line":10,"column":42}},"4":{"start":{"line":12,"column":23},"end":{"line":12,"column":70}},"5":{"start":{"line":14,"column":23},"end":{"line":14,"column":63}},"6":{"start":{"line":16,"column":16},"end":{"line":16,"column":56}},"7":{"start":{"line":18,"column":16},"end":{"line":18,"column":49}},"8":{"start":{"line":20,"column":22},"end":{"line":20,"column":78}},"9":{"start":{"line":22,"column":23},"end":{"line":22,"column":62}},"10":{"start":{"line":24,"column":23},"end":{"line":24,"column":70}},"11":{"start":{"line":26,"column":23},"end":{"line":26,"column":63}},"12":{"start":{"line":28,"column":20},"end":{"line":28,"column":64}},"13":{"start":{"line":30,"column":20},"end":{"line":30,"column":57}},"14":{"start":{"line":32,"column":34},"end":{"line":32,"column":92}},"15":{"start":{"line":34,"column":34},"end":{"line":34,"column":85}},"16":{"start":{"line":36,"column":17},"end":{"line":36,"column":58}},"17":{"start":{"line":38,"column":17},"end":{"line":38,"column":51}},"18":{"start":{"line":40,"column":13},"end":{"line":40,"column":29}},"19":{"start":{"line":42,"column":14},"end":{"line":42,"column":44}},"20":{"start":{"line":44,"column":17},"end":{"line":44,"column":38}},"21":{"start":{"line":46,"column":18},"end":{"line":46,"column":52}},"22":{"start":{"line":48,"column":17},"end":{"line":48,"column":37}},"23":{"start":{"line":50,"column":18},"end":{"line":50,"column":52}},"24":{"start":{"line":52,"column":18},"end":{"line":52,"column":40}},"25":{"start":{"line":54,"column":17},"end":{"line":54,"column":39}},"26":{"start":{"line":56,"column":18},"end":{"line":56,"column":52}},"27":{"start":{"line":58,"column":12},"end":{"line":58,"column":41}},"28":{"start":{"line":60,"column":21},"end":{"line":60,"column":59}},"29":{"start":{"line":62,"column":39},"end":{"line":62,"column":93}},"30":{"start":{"line":64,"column":15},"end":{"line":70,"column":1}},"31":{"start":{"line":65,"column":15},"end":{"line":65,"column":17}},"32":{"start":{"line":66,"column":2},"end":{"line":66,"column":79}},"33":{"start":{"line":66,"column":48},"end":{"line":66,"column":79}},"34":{"start":{"line":67,"column":2},"end":{"line":67,"column":57}},"35":{"start":{"line":67,"column":22},"end":{"line":67,"column":57}},"36":{"start":{"line":68,"column":2},"end":{"line":68,"column":51}},"37":{"start":{"line":68,"column":19},"end":{"line":68,"column":51}},"38":{"start":{"line":69,"column":2},"end":{"line":69,"column":16}},"39":{"start":{"line":72,"column":16},"end":{"line":144,"column":19}},"40":{"start":{"line":73,"column":2},"end":{"line":73,"column":49}},"41":{"start":{"line":80,"column":4},"end":{"line":80,"column":51}},"42":{"start":{"line":82,"column":4},"end":{"line":84,"column":5}},"43":{"start":{"line":83,"column":6},"end":{"line":83,"column":35}},"44":{"start":{"line":86,"column":4},"end":{"line":126,"column":69}},"45":{"start":{"line":94,"column":6},"end":{"line":96,"column":9}},"46":{"start":{"line":98,"column":6},"end":{"line":98,"column":25}},"47":{"start":{"line":99,"column":19},"end":{"line":99,"column":45}},"48":{"start":{"line":100,"column":6},"end":{"line":100,"column":41}},"49":{"start":{"line":101,"column":6},"end":{"line":125,"column":7}},"50":{"start":{"line":102,"column":8},"end":{"line":102,"column":42}},"51":{"start":{"line":103,"column":8},"end":{"line":124,"column":11}},"52":{"start":{"line":104,"column":10},"end":{"line":104,"column":45}},"53":{"start":{"line":105,"column":10},"end":{"line":108,"column":13}},"54":{"start":{"line":109,"column":10},"end":{"line":109,"column":50}},"55":{"start":{"line":111,"column":10},"end":{"line":123,"column":11}},"56":{"start":{"line":112,"column":12},"end":{"line":117,"column":15}},"57":{"start":{"line":119,"column":12},"end":{"line":122,"column":15}},"58":{"start":{"line":129,"column":2},"end":{"line":142,"column":6}},"59":{"start":{"line":132,"column":6},"end":{"line":140,"column":8}},"60":{"start":{"line":143,"column":2},"end":{"line":143,"column":19}},"61":{"start":{"line":146,"column":0},"end":{"line":152,"column":2}},"62":{"start":{"line":153,"column":0},"end":{"line":153,"column":133}}},"fnMap":{"0":{"name":"_interopRequireDefault","decl":{"start":{"line":62,"column":9},"end":{"line":62,"column":31}},"loc":{"start":{"line":62,"column":37},"end":{"line":62,"column":95}},"line":62},"1":{"name":"validate","decl":{"start":{"line":64,"column":43},"end":{"line":64,"column":51}},"loc":{"start":{"line":64,"column":58},"end":{"line":70,"column":1}},"line":64},"2":{"name":"(anonymous_2)","decl":{"start":{"line":72,"column":16},"end":{"line":72,"column":17}},"loc":{"start":{"line":72,"column":38},"end":{"line":144,"column":1}},"line":72},"3":{"name":"LoginPage","decl":{"start":{"line":75,"column":11},"end":{"line":75,"column":20}},"loc":{"start":{"line":75,"column":23},"end":{"line":127,"column":3}},"line":75},"4":{"name":"(anonymous_4)","decl":{"start":{"line":93,"column":24},"end":{"line":93,"column":25}},"loc":{"start":{"line":93,"column":37},"end":{"line":97,"column":5}},"line":93},"5":{"name":"(anonymous_5)","decl":{"start":{"line":97,"column":24},"end":{"line":97,"column":25}},"loc":{"start":{"line":97,"column":37},"end":{"line":126,"column":5}},"line":97},"6":{"name":"(anonymous_6)","decl":{"start":{"line":103,"column":49},"end":{"line":103,"column":50}},"loc":{"start":{"line":103,"column":61},"end":{"line":110,"column":9}},"line":103},"7":{"name":"(anonymous_7)","decl":{"start":{"line":110,"column":17},"end":{"line":110,"column":18}},"loc":{"start":{"line":110,"column":32},"end":{"line":124,"column":9}},"line":110},"8":{"name":"render","decl":{"start":{"line":131,"column":20},"end":{"line":131,"column":26}},"loc":{"start":{"line":131,"column":29},"end":{"line":141,"column":5}},"line":131}},"branchMap":{"0":{"loc":{"start":{"line":62,"column":46},"end":{"line":62,"column":92}},"type":"cond-expr","locations":[{"start":{"line":62,"column":70},"end":{"line":62,"column":73}},{"start":{"line":62,"column":76},"end":{"line":62,"column":92}}],"line":62},"1":{"loc":{"start":{"line":62,"column":46},"end":{"line":62,"column":67}},"type":"binary-expr","locations":[{"start":{"line":62,"column":46},"end":{"line":62,"column":49}},{"start":{"line":62,"column":53},"end":{"line":62,"column":67}}],"line":62},"2":{"loc":{"start":{"line":66,"column":2},"end":{"line":66,"column":79}},"type":"if","locations":[{"start":{"line":66,"column":2},"end":{"line":66,"column":79}},{"start":{"line":66,"column":2},"end":{"line":66,"column":79}}],"line":66},"3":{"loc":{"start":{"line":67,"column":2},"end":{"line":67,"column":57}},"type":"if","locations":[{"start":{"line":67,"column":2},"end":{"line":67,"column":57}},{"start":{"line":67,"column":2},"end":{"line":67,"column":57}}],"line":67},"4":{"loc":{"start":{"line":68,"column":2},"end":{"line":68,"column":51}},"type":"if","locations":[{"start":{"line":68,"column":2},"end":{"line":68,"column":51}},{"start":{"line":68,"column":2},"end":{"line":68,"column":51}}],"line":68},"5":{"loc":{"start":{"line":86,"column":91},"end":{"line":86,"column":154}},"type":"binary-expr","locations":[{"start":{"line":86,"column":91},"end":{"line":86,"column":110}},{"start":{"line":86,"column":114},"end":{"line":86,"column":154}}],"line":86},"6":{"loc":{"start":{"line":101,"column":6},"end":{"line":125,"column":7}},"type":"if","locations":[{"start":{"line":101,"column":6},"end":{"line":125,"column":7}},{"start":{"line":101,"column":6},"end":{"line":125,"column":7}}],"line":101},"7":{"loc":{"start":{"line":111,"column":10},"end":{"line":123,"column":11}},"type":"if","locations":[{"start":{"line":111,"column":10},"end":{"line":123,"column":11}},{"start":{"line":111,"column":10},"end":{"line":123,"column":11}}],"line":111}},"s":{"0":2,"1":2,"2":2,"3":2,"4":2,"5":2,"6":2,"7":2,"8":2,"9":2,"10":2,"11":2,"12":2,"13":2,"14":2,"15":2,"16":2,"17":2,"18":2,"19":2,"20":2,"21":2,"22":2,"23":2,"24":2,"25":2,"26":2,"27":2,"28":2,"29":24,"30":2,"31":2,"32":2,"33":2,"34":2,"35":2,"36":2,"37":1,"38":2,"39":2,"40":2,"41":0,"42":0,"43":0,"44":0,"45":0,"46":0,"47":0,"48":0,"49":0,"50":0,"51":0,"52":0,"53":0,"54":0,"55":0,"56":0,"57":0,"58":2,"59":0,"60":2,"61":2,"62":2},"f":{"0":24,"1":2,"2":2,"3":0,"4":0,"5":0,"6":0,"7":0,"8":0},"b":{"0":[18,6],"1":[24,24],"2":[2,0],"3":[2,0],"4":[1,1],"5":[0,0],"6":[0,0],"7":[0,0]},"_coverageSchema":"332fd63041d2c1bcb487cc26dd0d5f7d97098a6c","hash":"58dd13cb08e14cfe57fe7a19bc8d155d79655dc3"}
,"/Users/bonifaseorwa/Documents/WeConnectV3/weconnect_v3/src/components/messages/FlashMessage.js": {"path":"/Users/bonifaseorwa/Documents/WeConnectV3/weconnect_v3/src/components/messages/FlashMessage.js","statementMap":{"0":{"start":{"line":3,"column":0},"end":{"line":5,"column":3}},"1":{"start":{"line":7,"column":22},"end":{"line":7,"column":78}},"2":{"start":{"line":9,"column":23},"end":{"line":9,"column":62}},"3":{"start":{"line":11,"column":23},"end":{"line":11,"column":70}},"4":{"start":{"line":13,"column":23},"end":{"line":13,"column":63}},"5":{"start":{"line":15,"column":20},"end":{"line":15,"column":64}},"6":{"start":{"line":17,"column":20},"end":{"line":17,"column":57}},"7":{"start":{"line":19,"column":34},"end":{"line":19,"column":92}},"8":{"start":{"line":21,"column":34},"end":{"line":21,"column":85}},"9":{"start":{"line":23,"column":17},"end":{"line":23,"column":58}},"10":{"start":{"line":25,"column":17},"end":{"line":25,"column":51}},"11":{"start":{"line":27,"column":13},"end":{"line":27,"column":29}},"12":{"start":{"line":29,"column":14},"end":{"line":29,"column":44}},"13":{"start":{"line":31,"column":18},"end":{"line":31,"column":39}},"14":{"start":{"line":33,"column":19},"end":{"line":33,"column":54}},"15":{"start":{"line":35,"column":17},"end":{"line":35,"column":38}},"16":{"start":{"line":37,"column":18},"end":{"line":37,"column":52}},"17":{"start":{"line":39,"column":39},"end":{"line":39,"column":93}},"18":{"start":{"line":41,"column":19},"end":{"line":88,"column":28}},"19":{"start":{"line":42,"column":2},"end":{"line":42,"column":58}},"20":{"start":{"line":45,"column":4},"end":{"line":45,"column":54}},"21":{"start":{"line":47,"column":16},"end":{"line":47,"column":153}},"22":{"start":{"line":49,"column":4},"end":{"line":49,"column":46}},"23":{"start":{"line":50,"column":4},"end":{"line":50,"column":17}},"24":{"start":{"line":53,"column":2},"end":{"line":86,"column":6}},"25":{"start":{"line":56,"column":6},"end":{"line":56,"column":59}},"26":{"start":{"line":61,"column":27},"end":{"line":61,"column":45}},"27":{"start":{"line":62,"column":15},"end":{"line":62,"column":32}},"28":{"start":{"line":63,"column":17},"end":{"line":63,"column":36}},"29":{"start":{"line":64,"column":17},"end":{"line":64,"column":36}},"30":{"start":{"line":66,"column":6},"end":{"line":84,"column":8}},"31":{"start":{"line":87,"column":2},"end":{"line":87,"column":22}},"32":{"start":{"line":90,"column":0},"end":{"line":93,"column":2}},"33":{"start":{"line":95,"column":0},"end":{"line":95,"column":31}}},"fnMap":{"0":{"name":"_interopRequireDefault","decl":{"start":{"line":39,"column":9},"end":{"line":39,"column":31}},"loc":{"start":{"line":39,"column":37},"end":{"line":39,"column":95}},"line":39},"1":{"name":"(anonymous_1)","decl":{"start":{"line":41,"column":19},"end":{"line":41,"column":20}},"loc":{"start":{"line":41,"column":47},"end":{"line":88,"column":1}},"line":41},"2":{"name":"FlashMessage","decl":{"start":{"line":44,"column":11},"end":{"line":44,"column":23}},"loc":{"start":{"line":44,"column":31},"end":{"line":51,"column":3}},"line":44},"3":{"name":"onClick","decl":{"start":{"line":55,"column":20},"end":{"line":55,"column":27}},"loc":{"start":{"line":55,"column":30},"end":{"line":57,"column":5}},"line":55},"4":{"name":"render","decl":{"start":{"line":60,"column":20},"end":{"line":60,"column":26}},"loc":{"start":{"line":60,"column":29},"end":{"line":85,"column":5}},"line":60}},"branchMap":{"0":{"loc":{"start":{"line":39,"column":46},"end":{"line":39,"column":92}},"type":"cond-expr","locations":[{"start":{"line":39,"column":70},"end":{"line":39,"column":73}},{"start":{"line":39,"column":76},"end":{"line":39,"column":92}}],"line":39},"1":{"loc":{"start":{"line":39,"column":46},"end":{"line":39,"column":67}},"type":"binary-expr","locations":[{"start":{"line":39,"column":46},"end":{"line":39,"column":49}},{"start":{"line":39,"column":53},"end":{"line":39,"column":67}}],"line":39},"2":{"loc":{"start":{"line":47,"column":64},"end":{"line":47,"column":133}},"type":"binary-expr","locations":[{"start":{"line":47,"column":64},"end":{"line":47,"column":86}},{"start":{"line":47,"column":90},"end":{"line":47,"column":133}}],"line":47}},"s":{"0":2,"1":2,"2":2,"3":2,"4":2,"5":2,"6":2,"7":2,"8":2,"9":2,"10":2,"11":2,"12":2,"13":2,"14":2,"15":2,"16":2,"17":16,"18":2,"19":2,"20":0,"21":0,"22":0,"23":0,"24":2,"25":0,"26":0,"27":0,"28":0,"29":0,"30":0,"31":2,"32":2,"33":2},"f":{"0":16,"1":2,"2":0,"3":0,"4":0},"b":{"0":[10,6],"1":[16,16],"2":[0,0]},"_coverageSchema":"332fd63041d2c1bcb487cc26dd0d5f7d97098a6c","hash":"baf6e844d3c36ed646ee606529d6d14d557f00f8"}
,"/Users/bonifaseorwa/Documents/WeConnectV3/weconnect_v3/src/components/messages/FlashMessagesList.js": {"path":"/Users/bonifaseorwa/Documents/WeConnectV3/weconnect_v3/src/components/messages/FlashMessagesList.js","statementMap":{"0":{"start":{"line":3,"column":0},"end":{"line":5,"column":3}},"1":{"start":{"line":7,"column":22},"end":{"line":7,"column":78}},"2":{"start":{"line":9,"column":23},"end":{"line":9,"column":62}},"3":{"start":{"line":11,"column":23},"end":{"line":11,"column":70}},"4":{"start":{"line":13,"column":23},"end":{"line":13,"column":63}},"5":{"start":{"line":15,"column":20},"end":{"line":15,"column":64}},"6":{"start":{"line":17,"column":20},"end":{"line":17,"column":57}},"7":{"start":{"line":19,"column":34},"end":{"line":19,"column":92}},"8":{"start":{"line":21,"column":34},"end":{"line":21,"column":85}},"9":{"start":{"line":23,"column":17},"end":{"line":23,"column":58}},"10":{"start":{"line":25,"column":17},"end":{"line":25,"column":51}},"11":{"start":{"line":27,"column":13},"end":{"line":27,"column":29}},"12":{"start":{"line":29,"column":14},"end":{"line":29,"column":44}},"13":{"start":{"line":31,"column":20},"end":{"line":31,"column":45}},"14":{"start":{"line":33,"column":21},"end":{"line":33,"column":58}},"15":{"start":{"line":35,"column":18},"end":{"line":35,"column":40}},"16":{"start":{"line":37,"column":17},"end":{"line":37,"column":38}},"17":{"start":{"line":39,"column":18},"end":{"line":39,"column":52}},"18":{"start":{"line":41,"column":21},"end":{"line":41,"column":59}},"19":{"start":{"line":43,"column":39},"end":{"line":43,"column":93}},"20":{"start":{"line":45,"column":24},"end":{"line":73,"column":28}},"21":{"start":{"line":46,"column":2},"end":{"line":46,"column":63}},"22":{"start":{"line":49,"column":4},"end":{"line":49,"column":59}},"23":{"start":{"line":50,"column":4},"end":{"line":50,"column":164}},"24":{"start":{"line":53,"column":2},"end":{"line":71,"column":6}},"25":{"start":{"line":56,"column":19},"end":{"line":56,"column":23}},"26":{"start":{"line":58,"column":21},"end":{"line":64,"column":8}},"27":{"start":{"line":59,"column":8},"end":{"line":63,"column":11}},"28":{"start":{"line":65,"column":6},"end":{"line":69,"column":8}},"29":{"start":{"line":72,"column":2},"end":{"line":72,"column":27}},"30":{"start":{"line":75,"column":0},"end":{"line":78,"column":2}},"31":{"start":{"line":81,"column":2},"end":{"line":83,"column":4}},"32":{"start":{"line":86,"column":0},"end":{"line":86,"column":138}}},"fnMap":{"0":{"name":"_interopRequireDefault","decl":{"start":{"line":43,"column":9},"end":{"line":43,"column":31}},"loc":{"start":{"line":43,"column":37},"end":{"line":43,"column":95}},"line":43},"1":{"name":"(anonymous_1)","decl":{"start":{"line":45,"column":24},"end":{"line":45,"column":25}},"loc":{"start":{"line":45,"column":52},"end":{"line":73,"column":1}},"line":45},"2":{"name":"FlashMessagesList","decl":{"start":{"line":48,"column":11},"end":{"line":48,"column":28}},"loc":{"start":{"line":48,"column":31},"end":{"line":51,"column":3}},"line":48},"3":{"name":"render","decl":{"start":{"line":55,"column":20},"end":{"line":55,"column":26}},"loc":{"start":{"line":55,"column":29},"end":{"line":70,"column":5}},"line":55},"4":{"name":"(anonymous_4)","decl":{"start":{"line":58,"column":45},"end":{"line":58,"column":46}},"loc":{"start":{"line":58,"column":64},"end":{"line":64,"column":7}},"line":58},"5":{"name":"mapStateToProps","decl":{"start":{"line":80,"column":9},"end":{"line":80,"column":24}},"loc":{"start":{"line":80,"column":32},"end":{"line":84,"column":1}},"line":80}},"branchMap":{"0":{"loc":{"start":{"line":43,"column":46},"end":{"line":43,"column":92}},"type":"cond-expr","locations":[{"start":{"line":43,"column":70},"end":{"line":43,"column":73}},{"start":{"line":43,"column":76},"end":{"line":43,"column":92}}],"line":43},"1":{"loc":{"start":{"line":43,"column":46},"end":{"line":43,"column":67}},"type":"binary-expr","locations":[{"start":{"line":43,"column":46},"end":{"line":43,"column":49}},{"start":{"line":43,"column":53},"end":{"line":43,"column":67}}],"line":43},"2":{"loc":{"start":{"line":50,"column":59},"end":{"line":50,"column":138}},"type":"binary-expr","locations":[{"start":{"line":50,"column":59},"end":{"line":50,"column":86}},{"start":{"line":50,"column":90},"end":{"line":50,"column":138}}],"line":50}},"s":{"0":2,"1":2,"2":2,"3":2,"4":2,"5":2,"6":2,"7":2,"8":2,"9":2,"10":2,"11":2,"12":2,"13":2,"14":2,"15":2,"16":2,"17":2,"18":2,"19":16,"20":2,"21":2,"22":0,"23":0,"24":2,"25":0,"26":0,"27":0,"28":0,"29":2,"30":2,"31":0,"32":2},"f":{"0":16,"1":2,"2":0,"3":0,"4":0,"5":0},"b":{"0":[12,4],"1":[16,16],"2":[0,0]},"_coverageSchema":"332fd63041d2c1bcb487cc26dd0d5f7d97098a6c","hash":"c1f3e0d72fc76038563eb5848535a90d82d24b8e"}
,"/Users/bonifaseorwa/Documents/WeConnectV3/weconnect_v3/src/components/messages/InlineError.js": {"path":"/Users/bonifaseorwa/Documents/WeConnectV3/weconnect_v3/src/components/messages/InlineError.js","statementMap":{"0":{"start":{"line":3,"column":0},"end":{"line":5,"column":3}},"1":{"start":{"line":7,"column":13},"end":{"line":7,"column":29}},"2":{"start":{"line":9,"column":14},"end":{"line":9,"column":44}},"3":{"start":{"line":11,"column":17},"end":{"line":11,"column":38}},"4":{"start":{"line":13,"column":18},"end":{"line":13,"column":52}},"5":{"start":{"line":15,"column":39},"end":{"line":15,"column":93}},"6":{"start":{"line":17,"column":18},"end":{"line":24,"column":1}},"7":{"start":{"line":18,"column":13},"end":{"line":18,"column":22}},"8":{"start":{"line":19,"column":2},"end":{"line":23,"column":4}},"9":{"start":{"line":26,"column":0},"end":{"line":28,"column":2}},"10":{"start":{"line":30,"column":0},"end":{"line":30,"column":30}}},"fnMap":{"0":{"name":"_interopRequireDefault","decl":{"start":{"line":15,"column":9},"end":{"line":15,"column":31}},"loc":{"start":{"line":15,"column":37},"end":{"line":15,"column":95}},"line":15},"1":{"name":"InlineError","decl":{"start":{"line":17,"column":27},"end":{"line":17,"column":38}},"loc":{"start":{"line":17,"column":45},"end":{"line":24,"column":1}},"line":17}},"branchMap":{"0":{"loc":{"start":{"line":15,"column":46},"end":{"line":15,"column":92}},"type":"cond-expr","locations":[{"start":{"line":15,"column":70},"end":{"line":15,"column":73}},{"start":{"line":15,"column":76},"end":{"line":15,"column":92}}],"line":15},"1":{"loc":{"start":{"line":15,"column":46},"end":{"line":15,"column":67}},"type":"binary-expr","locations":[{"start":{"line":15,"column":46},"end":{"line":15,"column":49}},{"start":{"line":15,"column":53},"end":{"line":15,"column":67}}],"line":15}},"s":{"0":3,"1":3,"2":3,"3":3,"4":3,"5":6,"6":3,"7":6,"8":6,"9":3,"10":3},"f":{"0":6,"1":6},"b":{"0":[0,6],"1":[6,6]},"_coverageSchema":"332fd63041d2c1bcb487cc26dd0d5f7d97098a6c","hash":"6350bec2f92848fba18a8a608b803c184e920f98"}
,"/Users/bonifaseorwa/Documents/WeConnectV3/weconnect_v3/src/components/signup/SignupForm.js": {"path":"/Users/bonifaseorwa/Documents/WeConnectV3/weconnect_v3/src/components/signup/SignupForm.js","statementMap":{"0":{"start":{"line":3,"column":0},"end":{"line":5,"column":3}},"1":{"start":{"line":7,"column":13},"end":{"line":7,"column":29}},"2":{"start":{"line":9,"column":14},"end":{"line":9,"column":44}},"3":{"start":{"line":11,"column":22},"end":{"line":11,"column":49}},"4":{"start":{"line":13,"column":23},"end":{"line":13,"column":51}},"5":{"start":{"line":15,"column":19},"end":{"line":15,"column":53}},"6":{"start":{"line":17,"column":20},"end":{"line":17,"column":56}},"7":{"start":{"line":19,"column":0},"end":{"line":19,"column":42}},"8":{"start":{"line":21,"column":39},"end":{"line":21,"column":93}},"9":{"start":{"line":23,"column":21},"end":{"line":27,"column":1}},"10":{"start":{"line":29,"column":17},"end":{"line":212,"column":1}},"11":{"start":{"line":30,"column":21},"end":{"line":30,"column":32}},"12":{"start":{"line":31,"column":13},"end":{"line":31,"column":30}},"13":{"start":{"line":32,"column":15},"end":{"line":32,"column":34}},"14":{"start":{"line":33,"column":16},"end":{"line":33,"column":36}},"15":{"start":{"line":35,"column":2},"end":{"line":211,"column":4}},"16":{"start":{"line":214,"column":0},"end":{"line":214,"column":29}}},"fnMap":{"0":{"name":"_interopRequireDefault","decl":{"start":{"line":21,"column":9},"end":{"line":21,"column":31}},"loc":{"start":{"line":21,"column":37},"end":{"line":21,"column":95}},"line":21},"1":{"name":"SignupForm","decl":{"start":{"line":29,"column":26},"end":{"line":29,"column":36}},"loc":{"start":{"line":29,"column":44},"end":{"line":212,"column":1}},"line":29}},"branchMap":{"0":{"loc":{"start":{"line":21,"column":46},"end":{"line":21,"column":92}},"type":"cond-expr","locations":[{"start":{"line":21,"column":70},"end":{"line":21,"column":73}},{"start":{"line":21,"column":76},"end":{"line":21,"column":92}}],"line":21},"1":{"loc":{"start":{"line":21,"column":46},"end":{"line":21,"column":67}},"type":"binary-expr","locations":[{"start":{"line":21,"column":46},"end":{"line":21,"column":49}},{"start":{"line":21,"column":53},"end":{"line":21,"column":67}}],"line":21},"2":{"loc":{"start":{"line":64,"column":18},"end":{"line":77,"column":19}},"type":"binary-expr","locations":[{"start":{"line":64,"column":18},"end":{"line":64,"column":32}},{"start":{"line":64,"column":36},"end":{"line":77,"column":19}}],"line":64},"3":{"loc":{"start":{"line":99,"column":20},"end":{"line":99,"column":118}},"type":"binary-expr","locations":[{"start":{"line":99,"column":20},"end":{"line":99,"column":35}},{"start":{"line":99,"column":39},"end":{"line":99,"column":118}}],"line":99},"4":{"loc":{"start":{"line":122,"column":20},"end":{"line":122,"column":112}},"type":"binary-expr","locations":[{"start":{"line":122,"column":20},"end":{"line":122,"column":32}},{"start":{"line":122,"column":36},"end":{"line":122,"column":112}}],"line":122},"5":{"loc":{"start":{"line":145,"column":20},"end":{"line":145,"column":118}},"type":"binary-expr","locations":[{"start":{"line":145,"column":20},"end":{"line":145,"column":35}},{"start":{"line":145,"column":39},"end":{"line":145,"column":118}}],"line":145}},"s":{"0":1,"1":1,"2":1,"3":1,"4":1,"5":1,"6":1,"7":1,"8":2,"9":1,"10":1,"11":6,"12":6,"13":6,"14":6,"15":6,"16":1},"f":{"0":2,"1":6},"b":{"0":[1,1],"1":[2,2],"2":[6,0],"3":[6,0],"4":[6,0],"5":[6,0]},"_coverageSchema":"332fd63041d2c1bcb487cc26dd0d5f7d97098a6c","hash":"7398e878462e16fd339ac61d72ec8333d666caa8"}
,"/Users/bonifaseorwa/Documents/WeConnectV3/weconnect_v3/src/reducers/businesses.js": {"path":"/Users/bonifaseorwa/Documents/WeConnectV3/weconnect_v3/src/reducers/businesses.js","statementMap":{"0":{"start":{"line":3,"column":0},"end":{"line":5,"column":3}},"1":{"start":{"line":7,"column":26},"end":{"line":7,"column":76}},"2":{"start":{"line":9,"column":26},"end":{"line":9,"column":69}},"3":{"start":{"line":11,"column":0},"end":{"line":11,"column":29}},"4":{"start":{"line":13,"column":15},"end":{"line":13,"column":38}},"5":{"start":{"line":15,"column":39},"end":{"line":15,"column":93}},"6":{"start":{"line":18,"column":14},"end":{"line":18,"column":84}},"7":{"start":{"line":19,"column":15},"end":{"line":19,"column":85}},"8":{"start":{"line":21,"column":2},"end":{"line":47,"column":3}},"9":{"start":{"line":23,"column":6},"end":{"line":23,"column":31}},"10":{"start":{"line":26,"column":6},"end":{"line":26,"column":19}},"11":{"start":{"line":28,"column":6},"end":{"line":28,"column":19}},"12":{"start":{"line":31,"column":6},"end":{"line":33,"column":9}},"13":{"start":{"line":32,"column":8},"end":{"line":32,"column":46}},"14":{"start":{"line":36,"column":18},"end":{"line":38,"column":8}},"15":{"start":{"line":37,"column":8},"end":{"line":37,"column":48}},"16":{"start":{"line":39,"column":6},"end":{"line":46,"column":7}},"17":{"start":{"line":40,"column":8},"end":{"line":43,"column":11}},"18":{"start":{"line":41,"column":10},"end":{"line":41,"column":75}},"19":{"start":{"line":41,"column":47},"end":{"line":41,"column":75}},"20":{"start":{"line":42,"column":10},"end":{"line":42,"column":22}},"21":{"start":{"line":45,"column":8},"end":{"line":45,"column":85}}},"fnMap":{"0":{"name":"_interopRequireDefault","decl":{"start":{"line":15,"column":9},"end":{"line":15,"column":31}},"loc":{"start":{"line":15,"column":37},"end":{"line":15,"column":95}},"line":15},"1":{"name":"businesses","decl":{"start":{"line":17,"column":9},"end":{"line":17,"column":19}},"loc":{"start":{"line":17,"column":22},"end":{"line":48,"column":1}},"line":17},"2":{"name":"(anonymous_2)","decl":{"start":{"line":31,"column":26},"end":{"line":31,"column":27}},"loc":{"start":{"line":31,"column":42},"end":{"line":33,"column":7}},"line":31},"3":{"name":"(anonymous_3)","decl":{"start":{"line":36,"column":34},"end":{"line":36,"column":35}},"loc":{"start":{"line":36,"column":50},"end":{"line":38,"column":7}},"line":36},"4":{"name":"(anonymous_4)","decl":{"start":{"line":40,"column":25},"end":{"line":40,"column":26}},"loc":{"start":{"line":40,"column":41},"end":{"line":43,"column":9}},"line":40}},"branchMap":{"0":{"loc":{"start":{"line":15,"column":46},"end":{"line":15,"column":92}},"type":"cond-expr","locations":[{"start":{"line":15,"column":70},"end":{"line":15,"column":73}},{"start":{"line":15,"column":76},"end":{"line":15,"column":92}}],"line":15},"1":{"loc":{"start":{"line":15,"column":46},"end":{"line":15,"column":67}},"type":"binary-expr","locations":[{"start":{"line":15,"column":46},"end":{"line":15,"column":49}},{"start":{"line":15,"column":53},"end":{"line":15,"column":67}}],"line":15},"2":{"loc":{"start":{"line":18,"column":14},"end":{"line":18,"column":84}},"type":"cond-expr","locations":[{"start":{"line":18,"column":67},"end":{"line":18,"column":79}},{"start":{"line":18,"column":82},"end":{"line":18,"column":84}}],"line":18},"3":{"loc":{"start":{"line":18,"column":14},"end":{"line":18,"column":64}},"type":"binary-expr","locations":[{"start":{"line":18,"column":14},"end":{"line":18,"column":34}},{"start":{"line":18,"column":38},"end":{"line":18,"column":64}}],"line":18},"4":{"loc":{"start":{"line":19,"column":15},"end":{"line":19,"column":85}},"type":"cond-expr","locations":[{"start":{"line":19,"column":68},"end":{"line":19,"column":80}},{"start":{"line":19,"column":83},"end":{"line":19,"column":85}}],"line":19},"5":{"loc":{"start":{"line":19,"column":15},"end":{"line":19,"column":65}},"type":"binary-expr","locations":[{"start":{"line":19,"column":15},"end":{"line":19,"column":35}},{"start":{"line":19,"column":39},"end":{"line":19,"column":65}}],"line":19},"6":{"loc":{"start":{"line":21,"column":2},"end":{"line":47,"column":3}},"type":"switch","locations":[{"start":{"line":22,"column":4},"end":{"line":23,"column":31}},{"start":{"line":25,"column":4},"end":{"line":26,"column":19}},{"start":{"line":27,"column":4},"end":{"line":28,"column":19}},{"start":{"line":30,"column":4},"end":{"line":33,"column":9}},{"start":{"line":35,"column":4},"end":{"line":46,"column":7}}],"line":21},"7":{"loc":{"start":{"line":39,"column":6},"end":{"line":46,"column":7}},"type":"if","locations":[{"start":{"line":39,"column":6},"end":{"line":46,"column":7}},{"start":{"line":39,"column":6},"end":{"line":46,"column":7}}],"line":39},"8":{"loc":{"start":{"line":41,"column":10},"end":{"line":41,"column":75}},"type":"if","locations":[{"start":{"line":41,"column":10},"end":{"line":41,"column":75}},{"start":{"line":41,"column":10},"end":{"line":41,"column":75}}],"line":41}},"s":{"0":1,"1":1,"2":1,"3":1,"4":1,"5":1,"6":2,"7":2,"8":2,"9":0,"10":0,"11":1,"12":0,"13":0,"14":1,"15":0,"16":1,"17":0,"18":0,"19":0,"20":0,"21":1},"f":{"0":1,"1":2,"2":0,"3":0,"4":0},"b":{"0":[1,0],"1":[1,1],"2":[2,0],"3":[2,2],"4":[2,0],"5":[2,2],"6":[0,0,1,0,1],"7":[0,1],"8":[0,0]},"_coverageSchema":"332fd63041d2c1bcb487cc26dd0d5f7d97098a6c","hash":"3a5c6a45b8b47ace62b28a829f18e8afcf96f67d"}
,"/Users/bonifaseorwa/Documents/WeConnectV3/weconnect_v3/src/reducers/flashMessages.js": {"path":"/Users/bonifaseorwa/Documents/WeConnectV3/weconnect_v3/src/reducers/flashMessages.js","statementMap":{"0":{"start":{"line":3,"column":0},"end":{"line":5,"column":3}},"1":{"start":{"line":7,"column":26},"end":{"line":7,"column":76}},"2":{"start":{"line":9,"column":26},"end":{"line":9,"column":69}},"3":{"start":{"line":11,"column":13},"end":{"line":11,"column":32}},"4":{"start":{"line":13,"column":15},"end":{"line":13,"column":33}},"5":{"start":{"line":15,"column":16},"end":{"line":15,"column":48}},"6":{"start":{"line":17,"column":17},"end":{"line":17,"column":44}},"7":{"start":{"line":19,"column":18},"end":{"line":19,"column":52}},"8":{"start":{"line":21,"column":39},"end":{"line":21,"column":93}},"9":{"start":{"line":23,"column":0},"end":{"line":43,"column":2}},"10":{"start":{"line":24,"column":14},"end":{"line":24,"column":84}},"11":{"start":{"line":25,"column":15},"end":{"line":25,"column":85}},"12":{"start":{"line":27,"column":2},"end":{"line":42,"column":3}},"13":{"start":{"line":29,"column":6},"end":{"line":33,"column":10}},"14":{"start":{"line":35,"column":18},"end":{"line":35,"column":68}},"15":{"start":{"line":36,"column":6},"end":{"line":38,"column":7}},"16":{"start":{"line":37,"column":8},"end":{"line":37,"column":140}},"17":{"start":{"line":39,"column":6},"end":{"line":39,"column":19}},"18":{"start":{"line":41,"column":6},"end":{"line":41,"column":19}}},"fnMap":{"0":{"name":"_interopRequireDefault","decl":{"start":{"line":21,"column":9},"end":{"line":21,"column":31}},"loc":{"start":{"line":21,"column":37},"end":{"line":21,"column":95}},"line":21},"1":{"name":"(anonymous_1)","decl":{"start":{"line":23,"column":18},"end":{"line":23,"column":19}},"loc":{"start":{"line":23,"column":30},"end":{"line":43,"column":1}},"line":23}},"branchMap":{"0":{"loc":{"start":{"line":21,"column":46},"end":{"line":21,"column":92}},"type":"cond-expr","locations":[{"start":{"line":21,"column":70},"end":{"line":21,"column":73}},{"start":{"line":21,"column":76},"end":{"line":21,"column":92}}],"line":21},"1":{"loc":{"start":{"line":21,"column":46},"end":{"line":21,"column":67}},"type":"binary-expr","locations":[{"start":{"line":21,"column":46},"end":{"line":21,"column":49}},{"start":{"line":21,"column":53},"end":{"line":21,"column":67}}],"line":21},"2":{"loc":{"start":{"line":24,"column":14},"end":{"line":24,"column":84}},"type":"cond-expr","locations":[{"start":{"line":24,"column":67},"end":{"line":24,"column":79}},{"start":{"line":24,"column":82},"end":{"line":24,"column":84}}],"line":24},"3":{"loc":{"start":{"line":24,"column":14},"end":{"line":24,"column":64}},"type":"binary-expr","locations":[{"start":{"line":24,"column":14},"end":{"line":24,"column":34}},{"start":{"line":24,"column":38},"end":{"line":24,"column":64}}],"line":24},"4":{"loc":{"start":{"line":25,"column":15},"end":{"line":25,"column":85}},"type":"cond-expr","locations":[{"start":{"line":25,"column":68},"end":{"line":25,"column":80}},{"start":{"line":25,"column":83},"end":{"line":25,"column":85}}],"line":25},"5":{"loc":{"start":{"line":25,"column":15},"end":{"line":25,"column":65}},"type":"binary-expr","locations":[{"start":{"line":25,"column":15},"end":{"line":25,"column":35}},{"start":{"line":25,"column":39},"end":{"line":25,"column":65}}],"line":25},"6":{"loc":{"start":{"line":27,"column":2},"end":{"line":42,"column":3}},"type":"switch","locations":[{"start":{"line":28,"column":4},"end":{"line":33,"column":10}},{"start":{"line":34,"column":4},"end":{"line":39,"column":19}},{"start":{"line":40,"column":4},"end":{"line":41,"column":19}}],"line":27},"7":{"loc":{"start":{"line":36,"column":6},"end":{"line":38,"column":7}},"type":"if","locations":[{"start":{"line":36,"column":6},"end":{"line":38,"column":7}},{"start":{"line":36,"column":6},"end":{"line":38,"column":7}}],"line":36}},"s":{"0":1,"1":1,"2":1,"3":1,"4":1,"5":1,"6":1,"7":1,"8":3,"9":1,"10":2,"11":2,"12":2,"13":1,"14":1,"15":1,"16":1,"17":0,"18":0},"f":{"0":3,"1":2},"b":{"0":[1,2],"1":[3,3],"2":[2,0],"3":[2,2],"4":[2,0],"5":[2,2],"6":[1,1,0],"7":[1,0]},"_coverageSchema":"332fd63041d2c1bcb487cc26dd0d5f7d97098a6c","hash":"023a5e2d006929a87d371eb7a8d3db1dda8c4e23"}
,"/Users/bonifaseorwa/Documents/WeConnectV3/weconnect_v3/src/reducers/user.js": {"path":"/Users/bonifaseorwa/Documents/WeConnectV3/weconnect_v3/src/reducers/user.js","statementMap":{"0":{"start":{"line":3,"column":0},"end":{"line":5,"column":3}},"1":{"start":{"line":7,"column":13},"end":{"line":7,"column":32}},"2":{"start":{"line":10,"column":14},"end":{"line":10,"column":84}},"3":{"start":{"line":11,"column":15},"end":{"line":11,"column":85}},"4":{"start":{"line":13,"column":2},"end":{"line":22,"column":3}},"5":{"start":{"line":15,"column":6},"end":{"line":15,"column":25}},"6":{"start":{"line":17,"column":6},"end":{"line":17,"column":16}},"7":{"start":{"line":19,"column":6},"end":{"line":19,"column":30}},"8":{"start":{"line":21,"column":6},"end":{"line":21,"column":19}},"9":{"start":{"line":24,"column":0},"end":{"line":24,"column":23}}},"fnMap":{"0":{"name":"user","decl":{"start":{"line":9,"column":9},"end":{"line":9,"column":13}},"loc":{"start":{"line":9,"column":16},"end":{"line":23,"column":1}},"line":9}},"branchMap":{"0":{"loc":{"start":{"line":10,"column":14},"end":{"line":10,"column":84}},"type":"cond-expr","locations":[{"start":{"line":10,"column":67},"end":{"line":10,"column":79}},{"start":{"line":10,"column":82},"end":{"line":10,"column":84}}],"line":10},"1":{"loc":{"start":{"line":10,"column":14},"end":{"line":10,"column":64}},"type":"binary-expr","locations":[{"start":{"line":10,"column":14},"end":{"line":10,"column":34}},{"start":{"line":10,"column":38},"end":{"line":10,"column":64}}],"line":10},"2":{"loc":{"start":{"line":11,"column":15},"end":{"line":11,"column":85}},"type":"cond-expr","locations":[{"start":{"line":11,"column":68},"end":{"line":11,"column":80}},{"start":{"line":11,"column":83},"end":{"line":11,"column":85}}],"line":11},"3":{"loc":{"start":{"line":11,"column":15},"end":{"line":11,"column":65}},"type":"binary-expr","locations":[{"start":{"line":11,"column":15},"end":{"line":11,"column":35}},{"start":{"line":11,"column":39},"end":{"line":11,"column":65}}],"line":11},"4":{"loc":{"start":{"line":13,"column":2},"end":{"line":22,"column":3}},"type":"switch","locations":[{"start":{"line":14,"column":4},"end":{"line":15,"column":25}},{"start":{"line":16,"column":4},"end":{"line":17,"column":16}},{"start":{"line":18,"column":4},"end":{"line":19,"column":30}},{"start":{"line":20,"column":4},"end":{"line":21,"column":19}}],"line":13}},"s":{"0":1,"1":1,"2":2,"3":2,"4":2,"5":1,"6":1,"7":0,"8":0,"9":1},"f":{"0":2},"b":{"0":[2,0],"1":[2,2],"2":[2,0],"3":[2,2],"4":[1,1,0,0]},"_coverageSchema":"332fd63041d2c1bcb487cc26dd0d5f7d97098a6c","hash":"57bfa7183f7e2e0df3eab52a42f913a787ab934a"}
,"/Users/bonifaseorwa/Documents/WeConnectV3/weconnect_v3/src/tests/setup.js": {"path":"/Users/bonifaseorwa/Documents/WeConnectV3/weconnect_v3/src/tests/setup.js","statementMap":{"0":{"start":{"line":3,"column":14},"end":{"line":3,"column":31}},"1":{"start":{"line":5,"column":15},"end":{"line":5,"column":46}},"2":{"start":{"line":7,"column":26},"end":{"line":7,"column":60}},"3":{"start":{"line":9,"column":27},"end":{"line":9,"column":70}},"4":{"start":{"line":11,"column":13},"end":{"line":11,"column":29}},"5":{"start":{"line":13,"column":14},"end":{"line":13,"column":44}},"6":{"start":{"line":15,"column":32},"end":{"line":15,"column":70}},"7":{"start":{"line":17,"column":33},"end":{"line":17,"column":82}},"8":{"start":{"line":19,"column":39},"end":{"line":19,"column":93}},"9":{"start":{"line":21,"column":14},"end":{"line":21,"column":54}},"10":{"start":{"line":23,"column":0},"end":{"line":23,"column":33}},"11":{"start":{"line":24,"column":0},"end":{"line":24,"column":31}},"12":{"start":{"line":25,"column":0},"end":{"line":25,"column":29}},"13":{"start":{"line":26,"column":0},"end":{"line":26,"column":25}},"14":{"start":{"line":27,"column":0},"end":{"line":27,"column":31}},"15":{"start":{"line":29,"column":0},"end":{"line":29,"column":76}}},"fnMap":{"0":{"name":"_interopRequireDefault","decl":{"start":{"line":19,"column":9},"end":{"line":19,"column":31}},"loc":{"start":{"line":19,"column":37},"end":{"line":19,"column":95}},"line":19}},"branchMap":{"0":{"loc":{"start":{"line":19,"column":46},"end":{"line":19,"column":92}},"type":"cond-expr","locations":[{"start":{"line":19,"column":70},"end":{"line":19,"column":73}},{"start":{"line":19,"column":76},"end":{"line":19,"column":92}}],"line":19},"1":{"loc":{"start":{"line":19,"column":46},"end":{"line":19,"column":67}},"type":"binary-expr","locations":[{"start":{"line":19,"column":46},"end":{"line":19,"column":49}},{"start":{"line":19,"column":53},"end":{"line":19,"column":67}}],"line":19}},"s":{"0":10,"1":10,"2":10,"3":10,"4":10,"5":10,"6":10,"7":10,"8":40,"9":10,"10":10,"11":10,"12":10,"13":10,"14":10,"15":10},"f":{"0":40},"b":{"0":[0,40],"1":[40,40]},"_coverageSchema":"332fd63041d2c1bcb487cc26dd0d5f7d97098a6c","hash":"e0b4b643dacea1fa3a1bd6f5fae64fa26fc3abcb"}
}
