TN:
SF:/Users/bonifaseorwa/Documents/WeConnectV3/weconnect_v3/src/actions.js
FN:34,_interopRequireDefault
FN:45,handleResponce
FN:55,errorOccured
FN:62,setBusinesses
FN:68,pagination
FN:74,businessUpdated
FN:80,businessDeleted
FN:86,filteredBusinesses
FN:93,businessFetched
FN:100,reviewAdded
FN:107,setReviews
FN:113,saveBusiness
FN:115,(anonymous_12)
FN:123,(anonymous_13)
FN:128,updateBusiness
FN:130,(anonymous_15)
FN:139,(anonymous_16)
FN:141,(anonymous_17)
FN:146,deleteBusiness
FN:149,(anonymous_19)
FN:156,(anonymous_20)
FN:162,fetchBusinesses
FN:163,(anonymous_22)
FN:164,(anonymous_23)
FN:166,(anonymous_24)
FN:179,fetchBusiness
FN:180,(anonymous_26)
FN:181,(anonymous_27)
FN:183,(anonymous_28)
FN:188,addReview
FN:190,(anonymous_30)
FN:198,(anonymous_31)
FN:203,fetchReviews
FN:204,(anonymous_33)
FN:205,(anonymous_34)
FN:207,(anonymous_35)
FN:212,getFilteredBusinesses
FN:215,(anonymous_37)
FN:216,(anonymous_38)
FN:218,(anonymous_39)
FN:223,(anonymous_40)
FN:224,(anonymous_41)
FN:226,(anonymous_42)
FN:231,(anonymous_43)
FN:232,(anonymous_44)
FN:234,(anonymous_45)
FNF:46
FNH:8
FNDA:4,_interopRequireDefault
FNDA:0,handleResponce
FNDA:0,errorOccured
FNDA:1,setBusinesses
FNDA:0,pagination
FNDA:1,businessUpdated
FNDA:1,businessDeleted
FNDA:1,filteredBusinesses
FNDA:2,businessFetched
FNDA:1,reviewAdded
FNDA:0,setReviews
FNDA:0,saveBusiness
FNDA:0,(anonymous_12)
FNDA:0,(anonymous_13)
FNDA:0,updateBusiness
FNDA:0,(anonymous_15)
FNDA:0,(anonymous_16)
FNDA:0,(anonymous_17)
FNDA:0,deleteBusiness
FNDA:0,(anonymous_19)
FNDA:0,(anonymous_20)
FNDA:1,fetchBusinesses
FNDA:0,(anonymous_22)
FNDA:0,(anonymous_23)
FNDA:0,(anonymous_24)
FNDA:0,fetchBusiness
FNDA:0,(anonymous_26)
FNDA:0,(anonymous_27)
FNDA:0,(anonymous_28)
FNDA:0,addReview
FNDA:0,(anonymous_30)
FNDA:0,(anonymous_31)
FNDA:0,fetchReviews
FNDA:0,(anonymous_33)
FNDA:0,(anonymous_34)
FNDA:0,(anonymous_35)
FNDA:0,getFilteredBusinesses
FNDA:0,(anonymous_37)
FNDA:0,(anonymous_38)
FNDA:0,(anonymous_39)
FNDA:0,(anonymous_40)
FNDA:0,(anonymous_41)
FNDA:0,(anonymous_42)
FNDA:0,(anonymous_43)
FNDA:0,(anonymous_44)
FNDA:0,(anonymous_45)
DA:3,2
DA:6,2
DA:8,2
DA:10,2
DA:12,2
DA:13,2
DA:14,2
DA:15,2
DA:16,2
DA:17,2
DA:18,2
DA:19,2
DA:20,2
DA:21,2
DA:22,2
DA:23,2
DA:24,2
DA:25,2
DA:26,2
DA:27,2
DA:28,2
DA:30,2
DA:32,2
DA:34,4
DA:36,2
DA:37,2
DA:38,2
DA:39,2
DA:40,2
DA:41,2
DA:42,2
DA:43,2
DA:46,0
DA:47,0
DA:49,0
DA:50,0
DA:51,0
DA:56,0
DA:63,1
DA:69,0
DA:75,1
DA:81,1
DA:87,1
DA:94,2
DA:101,1
DA:108,0
DA:114,0
DA:115,0
DA:116,0
DA:124,0
DA:129,0
DA:130,0
DA:131,0
DA:140,0
DA:142,0
DA:147,0
DA:149,0
DA:150,0
DA:157,0
DA:163,1
DA:164,0
DA:165,0
DA:167,0
DA:168,0
DA:169,0
DA:171,0
DA:172,0
DA:180,0
DA:181,0
DA:182,0
DA:184,0
DA:189,0
DA:190,0
DA:191,0
DA:199,0
DA:204,0
DA:205,0
DA:206,0
DA:208,0
DA:213,0
DA:214,0
DA:215,0
DA:216,0
DA:217,0
DA:219,0
DA:222,0
DA:223,0
DA:224,0
DA:225,0
DA:227,0
DA:230,0
DA:231,0
DA:232,0
DA:233,0
DA:235,0
LF:95
LH:39
BRDA:34,0,0,2
BRDA:34,0,1,2
BRDA:34,1,0,4
BRDA:34,1,1,4
BRDA:46,2,0,0
BRDA:46,2,1,0
BRDA:169,3,0,0
BRDA:169,3,1,0
BRDA:213,4,0,0
BRDA:213,4,1,0
BRDA:222,5,0,0
BRDA:222,5,1,0
BRDA:230,6,0,0
BRDA:230,6,1,0
BRF:14
BRH:4
end_of_record
TN:
SF:/Users/bonifaseorwa/Documents/WeConnectV3/weconnect_v3/src/api.js
FN:11,_interopRequireDefault
FN:15,login
FN:16,(anonymous_2)
FN:21,signup
FN:22,(anonymous_4)
FN:27,resetPasswordRequest
FNF:6
FNH:1
FNDA:4,_interopRequireDefault
FNDA:0,login
FNDA:0,(anonymous_2)
FNDA:0,signup
FNDA:0,(anonymous_4)
FNDA:0,resetPasswordRequest
DA:3,4
DA:7,4
DA:9,4
DA:11,4
DA:13,4
DA:16,0
DA:17,0
DA:22,0
DA:23,0
DA:28,0
LF:10
LH:5
BRDA:11,0,0,0
BRDA:11,0,1,4
BRDA:11,1,0,4
BRDA:11,1,1,4
BRF:4
BRH:3
end_of_record
TN:
SF:/Users/bonifaseorwa/Documents/WeConnectV3/weconnect_v3/src/types.js
FNF:0
FNH:0
DA:3,6
DA:6,6
DA:7,6
DA:8,6
DA:9,6
DA:10,6
LF:6
LH:6
BRF:0
BRH:0
end_of_record
TN:
SF:/Users/bonifaseorwa/Documents/WeConnectV3/weconnect_v3/src/actions/FlashMessages.js
FN:11,addFlashMessage
FN:17,deleteFlashMessage
FNF:2
FNH:2
FNDA:2,addFlashMessage
FNDA:2,deleteFlashMessage
DA:3,4
DA:6,4
DA:7,4
DA:9,4
DA:12,2
DA:18,2
LF:6
LH:6
BRF:0
BRH:0
end_of_record
TN:
SF:/Users/bonifaseorwa/Documents/WeConnectV3/weconnect_v3/src/actions/auth.js
FN:18,_interopRequireDefault
FN:20,userLoggedIn
FN:27,userLoggedOut
FN:33,linkGenerated
FN:40,login
FN:41,(anonymous_5)
FN:42,(anonymous_6)
FN:55,logout
FN:56,(anonymous_8)
FN:64,resetPasswordRequest
FN:66,(anonymous_10)
FN:67,(anonymous_11)
FN:76,confirmResetPassword
FN:78,(anonymous_13)
FNF:14
FNH:3
FNDA:8,_interopRequireDefault
FNDA:2,userLoggedIn
FNDA:2,userLoggedOut
FNDA:0,linkGenerated
FNDA:0,login
FNDA:0,(anonymous_5)
FNDA:0,(anonymous_6)
FNDA:0,logout
FNDA:0,(anonymous_8)
FNDA:0,resetPasswordRequest
FNDA:0,(anonymous_10)
FNDA:0,(anonymous_11)
FNDA:0,confirmResetPassword
FNDA:0,(anonymous_13)
DA:3,4
DA:6,4
DA:8,4
DA:10,4
DA:12,4
DA:14,4
DA:16,4
DA:18,8
DA:20,4
DA:21,2
DA:27,4
DA:28,2
DA:33,4
DA:34,0
DA:40,4
DA:41,0
DA:42,0
DA:43,0
DA:44,0
DA:45,0
DA:47,0
DA:48,0
DA:49,0
DA:50,0
DA:55,4
DA:56,0
DA:57,0
DA:58,0
DA:59,0
DA:60,0
DA:64,4
DA:65,0
DA:66,0
DA:67,0
DA:68,0
DA:70,0
DA:71,0
DA:76,4
DA:77,0
DA:78,0
DA:79,0
LF:41
LH:17
BRDA:18,0,0,8
BRDA:18,0,1,0
BRDA:18,1,0,8
BRDA:18,1,1,8
BRF:4
BRH:3
end_of_record
TN:
SF:/Users/bonifaseorwa/Documents/WeConnectV3/weconnect_v3/src/components/body/Body.js
FN:31,_interopRequireDefault
FN:39,(anonymous_1)
FN:42,Body
FN:49,render
FNF:4
FNH:4
FNDA:6,_interopRequireDefault
FNDA:1,(anonymous_1)
FNDA:8,Body
FNDA:8,render
DA:3,1
DA:7,1
DA:9,1
DA:11,1
DA:13,1
DA:15,1
DA:17,1
DA:19,1
DA:21,1
DA:23,1
DA:25,1
DA:27,1
DA:29,1
DA:31,6
DA:33,1
DA:39,1
DA:40,1
DA:43,8
DA:44,8
DA:47,1
DA:50,8
DA:127,1
DA:130,1
LF:23
LH:23
BRDA:31,0,0,5
BRDA:31,0,1,1
BRDA:31,1,0,6
BRDA:31,1,1,6
BRDA:44,2,0,8
BRDA:44,2,1,0
BRF:6
BRH:5
end_of_record
TN:
SF:/Users/bonifaseorwa/Documents/WeConnectV3/weconnect_v3/src/components/businesses/AddBusinessForm.js
FN:21,_interopRequireDefault
FN:29,AddBusinessForm
FNF:2
FNH:2
FNDA:2,_interopRequireDefault
FNDA:5,AddBusinessForm
DA:3,1
DA:7,1
DA:9,1
DA:11,1
DA:13,1
DA:15,1
DA:17,1
DA:19,1
DA:21,2
DA:23,1
DA:29,1
DA:30,5
DA:31,5
DA:32,5
DA:33,5
DA:35,5
DA:205,1
LF:17
LH:17
BRDA:21,0,0,1
BRDA:21,0,1,1
BRDA:21,1,0,2
BRDA:21,1,1,2
BRDA:61,2,0,5
BRDA:61,2,1,2
BRDA:92,3,0,5
BRDA:92,3,1,2
BRDA:115,4,0,5
BRDA:115,4,1,2
BRDA:138,5,0,5
BRDA:138,5,1,2
BRF:12
BRH:12
end_of_record
TN:
SF:/Users/bonifaseorwa/Documents/WeConnectV3/weconnect_v3/src/components/login/LoginForm.js
FN:25,_interopRequireDefault
FN:33,LoginForm
FNF:2
FNH:2
FNDA:6,_interopRequireDefault
FNDA:5,LoginForm
DA:3,2
DA:7,2
DA:9,2
DA:11,2
DA:13,2
DA:15,2
DA:17,2
DA:19,2
DA:21,2
DA:23,2
DA:25,6
DA:27,2
DA:33,2
DA:34,5
DA:35,5
DA:36,5
DA:37,5
DA:40,5
DA:161,2
DA:163,2
LF:20
LH:20
BRDA:25,0,0,4
BRDA:25,0,1,2
BRDA:25,1,0,6
BRDA:25,1,1,6
BRDA:71,2,0,5
BRDA:71,2,1,0
BRDA:101,3,0,5
BRDA:101,3,1,0
BRDA:124,4,0,5
BRDA:124,4,1,0
BRF:10
BRH:7
end_of_record
TN:
SF:/Users/bonifaseorwa/Documents/WeConnectV3/weconnect_v3/src/components/login/LoginPage.js
FN:62,_interopRequireDefault
FN:64,validate
FN:72,(anonymous_2)
FN:75,LoginPage
FN:93,(anonymous_4)
FN:97,(anonymous_5)
FN:103,(anonymous_6)
FN:110,(anonymous_7)
FN:131,render
FNF:9
FNH:3
FNDA:24,_interopRequireDefault
FNDA:2,validate
FNDA:2,(anonymous_2)
FNDA:0,LoginPage
FNDA:0,(anonymous_4)
FNDA:0,(anonymous_5)
FNDA:0,(anonymous_6)
FNDA:0,(anonymous_7)
FNDA:0,render
DA:3,2
DA:6,2
DA:8,2
DA:10,2
DA:12,2
DA:14,2
DA:16,2
DA:18,2
DA:20,2
DA:22,2
DA:24,2
DA:26,2
DA:28,2
DA:30,2
DA:32,2
DA:34,2
DA:36,2
DA:38,2
DA:40,2
DA:42,2
DA:44,2
DA:46,2
DA:48,2
DA:50,2
DA:52,2
DA:54,2
DA:56,2
DA:58,2
DA:60,2
DA:62,24
DA:64,2
DA:65,2
DA:66,2
DA:67,2
DA:68,2
DA:69,2
DA:72,2
DA:73,2
DA:80,0
DA:82,0
DA:83,0
DA:86,0
DA:94,0
DA:98,0
DA:99,0
DA:100,0
DA:101,0
DA:102,0
DA:103,0
DA:104,0
DA:105,0
DA:109,0
DA:111,0
DA:112,0
DA:119,0
DA:129,2
DA:132,0
DA:143,2
DA:146,2
DA:153,2
LF:60
LH:42
BRDA:62,0,0,18
BRDA:62,0,1,6
BRDA:62,1,0,24
BRDA:62,1,1,24
BRDA:66,2,0,2
BRDA:66,2,1,0
BRDA:67,3,0,2
BRDA:67,3,1,0
BRDA:68,4,0,1
BRDA:68,4,1,1
BRDA:86,5,0,0
BRDA:86,5,1,0
BRDA:101,6,0,0
BRDA:101,6,1,0
BRDA:111,7,0,0
BRDA:111,7,1,0
BRF:16
BRH:8
end_of_record
TN:
SF:/Users/bonifaseorwa/Documents/WeConnectV3/weconnect_v3/src/components/messages/FlashMessage.js
FN:39,_interopRequireDefault
FN:41,(anonymous_1)
FN:44,FlashMessage
FN:55,onClick
FN:60,render
FNF:5
FNH:2
FNDA:16,_interopRequireDefault
FNDA:2,(anonymous_1)
FNDA:0,FlashMessage
FNDA:0,onClick
FNDA:0,render
DA:3,2
DA:7,2
DA:9,2
DA:11,2
DA:13,2
DA:15,2
DA:17,2
DA:19,2
DA:21,2
DA:23,2
DA:25,2
DA:27,2
DA:29,2
DA:31,2
DA:33,2
DA:35,2
DA:37,2
DA:39,16
DA:41,2
DA:42,2
DA:45,0
DA:47,0
DA:49,0
DA:50,0
DA:53,2
DA:56,0
DA:61,0
DA:62,0
DA:63,0
DA:64,0
DA:66,0
DA:87,2
DA:90,2
DA:95,2
LF:34
LH:24
BRDA:39,0,0,10
BRDA:39,0,1,6
BRDA:39,1,0,16
BRDA:39,1,1,16
BRDA:47,2,0,0
BRDA:47,2,1,0
BRF:6
BRH:4
end_of_record
TN:
SF:/Users/bonifaseorwa/Documents/WeConnectV3/weconnect_v3/src/components/messages/FlashMessagesList.js
FN:43,_interopRequireDefault
FN:45,(anonymous_1)
FN:48,FlashMessagesList
FN:55,render
FN:58,(anonymous_4)
FN:80,mapStateToProps
FNF:6
FNH:2
FNDA:16,_interopRequireDefault
FNDA:2,(anonymous_1)
FNDA:0,FlashMessagesList
FNDA:0,render
FNDA:0,(anonymous_4)
FNDA:0,mapStateToProps
DA:3,2
DA:7,2
DA:9,2
DA:11,2
DA:13,2
DA:15,2
DA:17,2
DA:19,2
DA:21,2
DA:23,2
DA:25,2
DA:27,2
DA:29,2
DA:31,2
DA:33,2
DA:35,2
DA:37,2
DA:39,2
DA:41,2
DA:43,16
DA:45,2
DA:46,2
DA:49,0
DA:50,0
DA:53,2
DA:56,0
DA:58,0
DA:59,0
DA:65,0
DA:72,2
DA:75,2
DA:81,0
DA:86,2
LF:33
LH:26
BRDA:43,0,0,12
BRDA:43,0,1,4
BRDA:43,1,0,16
BRDA:43,1,1,16
BRDA:50,2,0,0
BRDA:50,2,1,0
BRF:6
BRH:4
end_of_record
TN:
SF:/Users/bonifaseorwa/Documents/WeConnectV3/weconnect_v3/src/components/messages/InlineError.js
FN:15,_interopRequireDefault
FN:17,InlineError
FNF:2
FNH:2
FNDA:6,_interopRequireDefault
FNDA:6,InlineError
DA:3,3
DA:7,3
DA:9,3
DA:11,3
DA:13,3
DA:15,6
DA:17,3
DA:18,6
DA:19,6
DA:26,3
DA:30,3
LF:11
LH:11
BRDA:15,0,0,0
BRDA:15,0,1,6
BRDA:15,1,0,6
BRDA:15,1,1,6
BRF:4
BRH:3
end_of_record
TN:
SF:/Users/bonifaseorwa/Documents/WeConnectV3/weconnect_v3/src/components/signup/SignupForm.js
FN:21,_interopRequireDefault
FN:29,SignupForm
FNF:2
FNH:2
FNDA:2,_interopRequireDefault
FNDA:6,SignupForm
DA:3,1
DA:7,1
DA:9,1
DA:11,1
DA:13,1
DA:15,1
DA:17,1
DA:19,1
DA:21,2
DA:23,1
DA:29,1
DA:30,6
DA:31,6
DA:32,6
DA:33,6
DA:35,6
DA:214,1
LF:17
LH:17
BRDA:21,0,0,1
BRDA:21,0,1,1
BRDA:21,1,0,2
BRDA:21,1,1,2
BRDA:64,2,0,6
BRDA:64,2,1,0
BRDA:99,3,0,6
BRDA:99,3,1,0
BRDA:122,4,0,6
BRDA:122,4,1,0
BRDA:145,5,0,6
BRDA:145,5,1,0
BRF:12
BRH:8
end_of_record
TN:
SF:/Users/bonifaseorwa/Documents/WeConnectV3/weconnect_v3/src/reducers/businesses.js
FN:15,_interopRequireDefault
FN:17,businesses
FN:31,(anonymous_2)
FN:36,(anonymous_3)
FN:40,(anonymous_4)
FNF:5
FNH:2
FNDA:1,_interopRequireDefault
FNDA:2,businesses
FNDA:0,(anonymous_2)
FNDA:0,(anonymous_3)
FNDA:0,(anonymous_4)
DA:3,1
DA:7,1
DA:9,1
DA:11,1
DA:13,1
DA:15,1
DA:18,2
DA:19,2
DA:21,2
DA:23,0
DA:26,0
DA:28,1
DA:31,0
DA:32,0
DA:36,1
DA:37,0
DA:39,1
DA:40,0
DA:41,0
DA:42,0
DA:45,1
LF:21
LH:13
BRDA:15,0,0,1
BRDA:15,0,1,0
BRDA:15,1,0,1
BRDA:15,1,1,1
BRDA:18,2,0,2
BRDA:18,2,1,0
BRDA:18,3,0,2
BRDA:18,3,1,2
BRDA:19,4,0,2
BRDA:19,4,1,0
BRDA:19,5,0,2
BRDA:19,5,1,2
BRDA:21,6,0,0
BRDA:21,6,1,0
BRDA:21,6,2,1
BRDA:21,6,3,0
BRDA:21,6,4,1
BRDA:39,7,0,0
BRDA:39,7,1,1
BRDA:41,8,0,0
BRDA:41,8,1,0
BRF:21
BRH:12
end_of_record
TN:
SF:/Users/bonifaseorwa/Documents/WeConnectV3/weconnect_v3/src/reducers/flashMessages.js
FN:21,_interopRequireDefault
FN:23,(anonymous_1)
FNF:2
FNH:2
FNDA:3,_interopRequireDefault
FNDA:2,(anonymous_1)
DA:3,1
DA:7,1
DA:9,1
DA:11,1
DA:13,1
DA:15,1
DA:17,1
DA:19,1
DA:21,3
DA:23,1
DA:24,2
DA:25,2
DA:27,2
DA:29,1
DA:35,1
DA:36,1
DA:37,1
DA:39,0
DA:41,0
LF:19
LH:17
BRDA:21,0,0,1
BRDA:21,0,1,2
BRDA:21,1,0,3
BRDA:21,1,1,3
BRDA:24,2,0,2
BRDA:24,2,1,0
BRDA:24,3,0,2
BRDA:24,3,1,2
BRDA:25,4,0,2
BRDA:25,4,1,0
BRDA:25,5,0,2
BRDA:25,5,1,2
BRDA:27,6,0,1
BRDA:27,6,1,1
BRDA:27,6,2,0
BRDA:36,7,0,1
BRDA:36,7,1,0
BRF:17
BRH:13
end_of_record
TN:
SF:/Users/bonifaseorwa/Documents/WeConnectV3/weconnect_v3/src/reducers/user.js
FN:9,user
FNF:1
FNH:1
FNDA:2,user
DA:3,1
DA:7,1
DA:10,2
DA:11,2
DA:13,2
DA:15,1
DA:17,1
DA:19,0
DA:21,0
DA:24,1
LF:10
LH:8
BRDA:10,0,0,2
BRDA:10,0,1,0
BRDA:10,1,0,2
BRDA:10,1,1,2
BRDA:11,2,0,2
BRDA:11,2,1,0
BRDA:11,3,0,2
BRDA:11,3,1,2
BRDA:13,4,0,1
BRDA:13,4,1,1
BRDA:13,4,2,0
BRDA:13,4,3,0
BRF:12
BRH:8
end_of_record
TN:
SF:/Users/bonifaseorwa/Documents/WeConnectV3/weconnect_v3/src/tests/setup.js
FN:19,_interopRequireDefault
FNF:1
FNH:1
FNDA:40,_interopRequireDefault
DA:3,10
DA:5,10
DA:7,10
DA:9,10
DA:11,10
DA:13,10
DA:15,10
DA:17,10
DA:19,40
DA:21,10
DA:23,10
DA:24,10
DA:25,10
DA:26,10
DA:27,10
DA:29,10
LF:16
LH:16
BRDA:19,0,0,0
BRDA:19,0,1,40
BRDA:19,1,0,40
BRDA:19,1,1,40
BRF:4
BRH:3
end_of_record
